{"/Users/jason.carty/code/node/booking-system/scripts/colours.enum.ts": {"path":"/Users/jason.carty/code/node/booking-system/scripts/colours.enum.ts","statementMap":{"0":{"start":{"line":1,"column":0},"end":{"line":1,"column":null}},"1":{"start":{"line":2,"column":2},"end":{"line":2,"column":null}},"2":{"start":{"line":3,"column":2},"end":{"line":3,"column":null}},"3":{"start":{"line":4,"column":2},"end":{"line":4,"column":null}}},"fnMap":{"0":{"name":"(anonymous_0)","decl":{"start":{"line":1,"column":0},"end":{"line":1,"column":12}},"loc":{"start":{"line":1,"column":19},"end":{"line":5,"column":1}}}},"branchMap":{"0":{"loc":{"start":{"line":1,"column":12},"end":{"line":1,"column":19}},"type":"binary-expr","locations":[{"start":{"line":1,"column":12},"end":{"line":1,"column":19}},{"start":{"line":1,"column":12},"end":{"line":1,"column":null}}]}},"s":{"0":3,"1":3,"2":3,"3":3},"f":{"0":3},"b":{"0":[3,3]}}
,"/Users/jason.carty/code/node/booking-system/scripts/connectToDBasPG.ts": {"path":"/Users/jason.carty/code/node/booking-system/scripts/connectToDBasPG.ts","statementMap":{"0":{"start":{"line":1,"column":0},"end":{"line":1,"column":42}},"1":{"start":{"line":3,"column":13},"end":{"line":12,"column":2}},"2":{"start":{"line":4,"column":35},"end":{"line":4,"column":41}},"3":{"start":{"line":5,"column":2},"end":{"line":11,"column":5}}},"fnMap":{"0":{"name":"(anonymous_0)","decl":{"start":{"line":3,"column":31},"end":{"line":3,"column":32}},"loc":{"start":{"line":3,"column":64},"end":{"line":12,"column":1}}}},"branchMap":{},"s":{"0":3,"1":3,"2":2,"3":2},"f":{"0":2},"b":{}}
,"/Users/jason.carty/code/node/booking-system/scripts/dropTestDB.ts": {"path":"/Users/jason.carty/code/node/booking-system/scripts/dropTestDB.ts","statementMap":{"0":{"start":{"line":1,"column":0},"end":{"line":1,"column":41}},"1":{"start":{"line":2,"column":0},"end":{"line":2,"column":52}},"2":{"start":{"line":3,"column":0},"end":{"line":3,"column":44}},"3":{"start":{"line":4,"column":0},"end":{"line":4,"column":44}},"4":{"start":{"line":6,"column":13},"end":{"line":20,"column":2}},"5":{"start":{"line":6,"column":52},"end":{"line":20,"column":2}},"6":{"start":{"line":7,"column":45},"end":{"line":7,"column":58}},"7":{"start":{"line":8,"column":17},"end":{"line":8,"column":58}},"8":{"start":{"line":9,"column":2},"end":{"line":9,"column":25}},"9":{"start":{"line":11,"column":2},"end":{"line":16,"column":null}},"10":{"start":{"line":12,"column":4},"end":{"line":12,"column":64}},"11":{"start":{"line":14,"column":4},"end":{"line":14,"column":21}},"12":{"start":{"line":15,"column":4},"end":{"line":15,"column":20}},"13":{"start":{"line":18,"column":2},"end":{"line":18,"column":21}},"14":{"start":{"line":19,"column":2},"end":{"line":19,"column":54}},"15":{"start":{"line":22,"column":0},"end":{"line":22,"column":13}}},"fnMap":{"0":{"name":"(anonymous_6)","decl":{"start":{"line":6,"column":26},"end":{"line":6,"column":50}},"loc":{"start":{"line":6,"column":52},"end":{"line":20,"column":2}}},"1":{"name":"(anonymous_7)","decl":{"start":{"line":6,"column":52},"end":{"line":6,"column":null}},"loc":{"start":{"line":6,"column":52},"end":{"line":20,"column":1}}}},"branchMap":{},"s":{"0":1,"1":1,"2":1,"3":1,"4":1,"5":3,"6":3,"7":3,"8":3,"9":3,"10":3,"11":1,"12":1,"13":3,"14":3,"15":1},"f":{"0":3,"1":3},"b":{}}
,"/Users/jason.carty/code/node/booking-system/scripts/echoMessage.ts": {"path":"/Users/jason.carty/code/node/booking-system/scripts/echoMessage.ts","statementMap":{"0":{"start":{"line":2,"column":0},"end":{"line":2,"column":41}},"1":{"start":{"line":4,"column":13},"end":{"line":8,"column":2}},"2":{"start":{"line":5,"column":2},"end":{"line":5,"column":68}},"3":{"start":{"line":6,"column":2},"end":{"line":6,"column":40}},"4":{"start":{"line":7,"column":2},"end":{"line":7,"column":68}}},"fnMap":{"0":{"name":"(anonymous_0)","decl":{"start":{"line":4,"column":27},"end":{"line":4,"column":28}},"loc":{"start":{"line":4,"column":65},"end":{"line":8,"column":1}}}},"branchMap":{},"s":{"0":1,"1":1,"2":1,"3":1,"4":1},"f":{"0":1},"b":{}}
,"/Users/jason.carty/code/node/booking-system/scripts/getDBConfig.ts": {"path":"/Users/jason.carty/code/node/booking-system/scripts/getDBConfig.ts","statementMap":{"0":{"start":{"line":2,"column":0},"end":{"line":2,"column":31}},"1":{"start":{"line":3,"column":0},"end":{"line":3,"column":34}},"2":{"start":{"line":4,"column":0},"end":{"line":4,"column":31}},"3":{"start":{"line":6,"column":13},"end":{"line":29,"column":2}},"4":{"start":{"line":7,"column":20},"end":{"line":7,"column":40}},"5":{"start":{"line":8,"column":2},"end":{"line":10,"column":null}},"6":{"start":{"line":9,"column":4},"end":{"line":9,"column":25}},"7":{"start":{"line":12,"column":19},"end":{"line":12,"column":45}},"8":{"start":{"line":13,"column":17},"end":{"line":13,"column":66}},"9":{"start":{"line":20,"column":6},"end":{"line":20,"column":12}},"10":{"start":{"line":22,"column":2},"end":{"line":28,"column":4}}},"fnMap":{"0":{"name":"(anonymous_0)","decl":{"start":{"line":6,"column":27},"end":{"line":6,"column":44}},"loc":{"start":{"line":6,"column":46},"end":{"line":29,"column":1}}}},"branchMap":{"0":{"loc":{"start":{"line":8,"column":2},"end":{"line":10,"column":null}},"type":"if","locations":[{"start":{"line":8,"column":2},"end":{"line":10,"column":null}},{"start":{"line":8,"column":2},"end":{"line":10,"column":null}}]}},"s":{"0":2,"1":2,"2":2,"3":2,"4":3,"5":3,"6":1,"7":3,"8":3,"9":3,"10":3},"f":{"0":3},"b":{"0":[1,2]}}
,"/Users/jason.carty/code/node/booking-system/scripts/getSeedScripts.ts": {"path":"/Users/jason.carty/code/node/booking-system/scripts/getSeedScripts.ts","statementMap":{"0":{"start":{"line":1,"column":0},"end":{"line":1,"column":41}},"1":{"start":{"line":5,"column":21},"end":{"line":8,"column":2}},"2":{"start":{"line":5,"column":65},"end":{"line":8,"column":2}},"3":{"start":{"line":6,"column":15},"end":{"line":6,"column":32}},"4":{"start":{"line":7,"column":2},"end":{"line":7,"column":36}},"5":{"start":{"line":10,"column":13},"end":{"line":34,"column":2}},"6":{"start":{"line":10,"column":70},"end":{"line":34,"column":2}},"7":{"start":{"line":11,"column":2},"end":{"line":33,"column":4}}},"fnMap":{"0":{"name":"(anonymous_6)","decl":{"start":{"line":5,"column":21},"end":{"line":5,"column":28}},"loc":{"start":{"line":5,"column":65},"end":{"line":8,"column":2}}},"1":{"name":"(anonymous_7)","decl":{"start":{"line":5,"column":65},"end":{"line":5,"column":null}},"loc":{"start":{"line":5,"column":65},"end":{"line":8,"column":1}}},"2":{"name":"(anonymous_8)","decl":{"start":{"line":10,"column":30},"end":{"line":10,"column":68}},"loc":{"start":{"line":10,"column":70},"end":{"line":34,"column":2}}},"3":{"name":"(anonymous_9)","decl":{"start":{"line":10,"column":70},"end":{"line":10,"column":null}},"loc":{"start":{"line":10,"column":70},"end":{"line":34,"column":1}}}},"branchMap":{},"s":{"0":1,"1":1,"2":12,"3":12,"4":12,"5":1,"6":4,"7":4},"f":{"0":12,"1":12,"2":4,"3":4},"b":{}}
,"/Users/jason.carty/code/node/booking-system/scripts/prepareTestDatabase.ts": {"path":"/Users/jason.carty/code/node/booking-system/scripts/prepareTestDatabase.ts","statementMap":{"0":{"start":{"line":1,"column":0},"end":{"line":1,"column":28}},"1":{"start":{"line":2,"column":0},"end":{"line":2,"column":55}},"2":{"start":{"line":3,"column":0},"end":{"line":3,"column":26}},"3":{"start":{"line":5,"column":0},"end":{"line":5,"column":41}},"4":{"start":{"line":6,"column":0},"end":{"line":6,"column":44}},"5":{"start":{"line":7,"column":0},"end":{"line":7,"column":44}},"6":{"start":{"line":8,"column":0},"end":{"line":8,"column":52}},"7":{"start":{"line":9,"column":0},"end":{"line":9,"column":50}},"8":{"start":{"line":11,"column":13},"end":{"line":11,"column":65}},"9":{"start":{"line":11,"column":39},"end":{"line":11,"column":64}},"10":{"start":{"line":13,"column":13},"end":{"line":19,"column":2}},"11":{"start":{"line":13,"column":59},"end":{"line":19,"column":2}},"12":{"start":{"line":14,"column":51},"end":{"line":14,"column":64}},"13":{"start":{"line":15,"column":17},"end":{"line":15,"column":58}},"14":{"start":{"line":16,"column":2},"end":{"line":16,"column":25}},"15":{"start":{"line":17,"column":2},"end":{"line":17,"column":75}},"16":{"start":{"line":18,"column":2},"end":{"line":18,"column":21}},"17":{"start":{"line":21,"column":13},"end":{"line":39,"column":2}},"18":{"start":{"line":24,"column":21},"end":{"line":39,"column":2}},"19":{"start":{"line":25,"column":2},"end":{"line":38,"column":null}},"20":{"start":{"line":26,"column":4},"end":{"line":26,"column":27}},"21":{"start":{"line":27,"column":4},"end":{"line":27,"column":55}},"22":{"start":{"line":28,"column":4},"end":{"line":28,"column":18}},"23":{"start":{"line":30,"column":4},"end":{"line":37,"column":null}},"24":{"start":{"line":31,"column":6},"end":{"line":31,"column":87}},"25":{"start":{"line":32,"column":6},"end":{"line":32,"column":32}},"26":{"start":{"line":33,"column":24},"end":{"line":33,"column":35}},"27":{"start":{"line":34,"column":6},"end":{"line":34,"column":32}},"28":{"start":{"line":35,"column":6},"end":{"line":35,"column":68}},"29":{"start":{"line":36,"column":6},"end":{"line":36,"column":23}},"30":{"start":{"line":41,"column":13},"end":{"line":49,"column":2}},"31":{"start":{"line":41,"column":68},"end":{"line":49,"column":2}},"32":{"start":{"line":42,"column":18},"end":{"line":42,"column":40}},"33":{"start":{"line":43,"column":2},"end":{"line":48,"column":null}},"34":{"start":{"line":43,"column":15},"end":{"line":43,"column":16}},"35":{"start":{"line":44,"column":16},"end":{"line":44,"column":56}},"36":{"start":{"line":45,"column":4},"end":{"line":47,"column":null}},"37":{"start":{"line":46,"column":6},"end":{"line":46,"column":44}},"38":{"start":{"line":51,"column":13},"end":{"line":63,"column":2}},"39":{"start":{"line":51,"column":67},"end":{"line":63,"column":2}},"40":{"start":{"line":52,"column":51},"end":{"line":52,"column":64}},"41":{"start":{"line":53,"column":2},"end":{"line":62,"column":5}},"42":{"start":{"line":65,"column":13},"end":{"line":76,"column":2}},"43":{"start":{"line":65,"column":61},"end":{"line":76,"column":2}},"44":{"start":{"line":66,"column":2},"end":{"line":66,"column":58}},"45":{"start":{"line":67,"column":29},"end":{"line":67,"column":40}},"46":{"start":{"line":68,"column":23},"end":{"line":68,"column":36}},"47":{"start":{"line":69,"column":26},"end":{"line":69,"column":75}},"48":{"start":{"line":70,"column":2},"end":{"line":70,"column":30}},"49":{"start":{"line":71,"column":2},"end":{"line":71,"column":72}},"50":{"start":{"line":72,"column":2},"end":{"line":72,"column":38}},"51":{"start":{"line":73,"column":2},"end":{"line":73,"column":60}},"52":{"start":{"line":74,"column":2},"end":{"line":74,"column":30}},"53":{"start":{"line":75,"column":2},"end":{"line":75,"column":63}},"54":{"start":{"line":78,"column":0},"end":{"line":78,"column":22}}},"fnMap":{"0":{"name":"(anonymous_6)","decl":{"start":{"line":11,"column":25},"end":{"line":11,"column":36}},"loc":{"start":{"line":11,"column":39},"end":{"line":11,"column":64}}},"1":{"name":"(anonymous_7)","decl":{"start":{"line":13,"column":33},"end":{"line":13,"column":57}},"loc":{"start":{"line":13,"column":59},"end":{"line":19,"column":2}}},"2":{"name":"(anonymous_8)","decl":{"start":{"line":13,"column":59},"end":{"line":13,"column":null}},"loc":{"start":{"line":13,"column":59},"end":{"line":19,"column":1}}},"3":{"name":"(anonymous_9)","decl":{"start":{"line":21,"column":29},"end":{"line":21,"column":null}},"loc":{"start":{"line":24,"column":21},"end":{"line":39,"column":2}}},"4":{"name":"(anonymous_10)","decl":{"start":{"line":24,"column":21},"end":{"line":24,"column":null}},"loc":{"start":{"line":24,"column":21},"end":{"line":39,"column":1}}},"5":{"name":"(anonymous_11)","decl":{"start":{"line":41,"column":28},"end":{"line":41,"column":35}},"loc":{"start":{"line":41,"column":68},"end":{"line":49,"column":2}}},"6":{"name":"(anonymous_12)","decl":{"start":{"line":41,"column":68},"end":{"line":41,"column":null}},"loc":{"start":{"line":41,"column":68},"end":{"line":49,"column":1}}},"7":{"name":"(anonymous_13)","decl":{"start":{"line":51,"column":35},"end":{"line":51,"column":65}},"loc":{"start":{"line":51,"column":67},"end":{"line":63,"column":2}}},"8":{"name":"(anonymous_14)","decl":{"start":{"line":51,"column":67},"end":{"line":51,"column":null}},"loc":{"start":{"line":51,"column":67},"end":{"line":63,"column":1}}},"9":{"name":"(anonymous_15)","decl":{"start":{"line":65,"column":35},"end":{"line":65,"column":59}},"loc":{"start":{"line":65,"column":61},"end":{"line":76,"column":2}}},"10":{"name":"(anonymous_16)","decl":{"start":{"line":65,"column":61},"end":{"line":65,"column":null}},"loc":{"start":{"line":65,"column":61},"end":{"line":76,"column":1}}}},"branchMap":{"0":{"loc":{"start":{"line":30,"column":4},"end":{"line":37,"column":null}},"type":"if","locations":[{"start":{"line":30,"column":4},"end":{"line":37,"column":null}},{"start":{"line":30,"column":4},"end":{"line":37,"column":null}}]},"1":{"loc":{"start":{"line":45,"column":4},"end":{"line":47,"column":null}},"type":"if","locations":[{"start":{"line":45,"column":4},"end":{"line":47,"column":null}},{"start":{"line":45,"column":4},"end":{"line":47,"column":null}}]}},"s":{"0":1,"1":1,"2":1,"3":1,"4":1,"5":1,"6":1,"7":1,"8":1,"9":2,"10":1,"11":2,"12":2,"13":2,"14":2,"15":2,"16":2,"17":1,"18":4,"19":4,"20":4,"21":2,"22":2,"23":2,"24":1,"25":1,"26":1,"27":1,"28":1,"29":1,"30":1,"31":3,"32":3,"33":3,"34":3,"35":9,"36":9,"37":6,"38":1,"39":1,"40":1,"41":1,"42":1,"43":1,"44":1,"45":1,"46":1,"47":1,"48":1,"49":1,"50":1,"51":1,"52":1,"53":1,"54":1},"f":{"0":2,"1":2,"2":2,"3":4,"4":4,"5":3,"6":3,"7":1,"8":1,"9":1,"10":1},"b":{"0":[1,1],"1":[6,3]}}
,"/Users/jason.carty/code/node/booking-system/src/app.module.ts": {"path":"/Users/jason.carty/code/node/booking-system/src/app.module.ts","statementMap":{"0":{"start":{"line":1,"column":0},"end":{"line":1,"column":47}},"1":{"start":{"line":2,"column":0},"end":{"line":2,"column":69}},"2":{"start":{"line":3,"column":0},"end":{"line":3,"column":64}},"3":{"start":{"line":4,"column":0},"end":{"line":4,"column":48}},"4":{"start":{"line":5,"column":0},"end":{"line":5,"column":37}},"5":{"start":{"line":6,"column":0},"end":{"line":6,"column":28}},"6":{"start":{"line":8,"column":0},"end":{"line":8,"column":54}},"7":{"start":{"line":9,"column":0},"end":{"line":9,"column":56}},"8":{"start":{"line":10,"column":0},"end":{"line":10,"column":59}},"9":{"start":{"line":11,"column":0},"end":{"line":11,"column":66}},"10":{"start":{"line":12,"column":0},"end":{"line":12,"column":56}},"11":{"start":{"line":13,"column":0},"end":{"line":13,"column":59}},"12":{"start":{"line":14,"column":0},"end":{"line":14,"column":62}},"13":{"start":{"line":15,"column":0},"end":{"line":15,"column":89}},"14":{"start":{"line":17,"column":13},"end":{"line":23,"column":2}},"15":{"start":{"line":18,"column":2},"end":{"line":22,"column":8}},"16":{"start":{"line":86,"column":0},"end":{"line":88,"column":null}},"17":{"start":{"line":87,"column":31},"end":{"line":87,"column":43}},"18":{"start":{"line":86,"column":13},"end":{"line":88,"column":null}},"19":{"start":{"line":29,"column":70},"end":{"line":38,"column":null}},"20":{"start":{"line":29,"column":71},"end":{"line":38,"column":null}},"21":{"start":{"line":43,"column":70},"end":{"line":55,"column":null}},"22":{"start":{"line":43,"column":71},"end":{"line":55,"column":null}},"23":{"start":{"line":86,"column":13},"end":{"line":86,"column":22}}},"fnMap":{"0":{"name":"(anonymous_8)","decl":{"start":{"line":17,"column":32},"end":{"line":17,"column":33}},"loc":{"start":{"line":17,"column":82},"end":{"line":23,"column":1}}},"1":{"name":"(anonymous_9)","decl":{"start":{"line":87,"column":2},"end":{"line":87,"column":31}},"loc":{"start":{"line":87,"column":53},"end":{"line":87,"column":57}}},"2":{"name":"(anonymous_10)","decl":{"start":{"line":29,"column":18},"end":{"line":29,"column":25}},"loc":{"start":{"line":29,"column":70},"end":{"line":38,"column":null}}},"3":{"name":"(anonymous_11)","decl":{"start":{"line":29,"column":70},"end":{"line":29,"column":71}},"loc":{"start":{"line":29,"column":70},"end":{"line":38,"column":null}}},"4":{"name":"(anonymous_12)","decl":{"start":{"line":43,"column":18},"end":{"line":43,"column":25}},"loc":{"start":{"line":43,"column":70},"end":{"line":55,"column":null}}},"5":{"name":"(anonymous_13)","decl":{"start":{"line":43,"column":70},"end":{"line":43,"column":71}},"loc":{"start":{"line":43,"column":70},"end":{"line":55,"column":null}}}},"branchMap":{"0":{"loc":{"start":{"line":19,"column":6},"end":{"line":19,"column":109}},"type":"cond-expr","locations":[{"start":{"line":19,"column":6},"end":{"line":19,"column":109}},{"start":{"line":20,"column":6},"end":{"line":22,"column":8}}]}},"s":{"0":2,"1":2,"2":2,"3":2,"4":2,"5":2,"6":2,"7":2,"8":2,"9":2,"10":2,"11":2,"12":2,"13":2,"14":2,"15":2,"16":2,"17":1,"18":2,"19":0,"20":0,"21":0,"22":0,"23":2},"f":{"0":2,"1":1,"2":0,"3":0,"4":0,"5":0},"b":{"0":[1,1]}}
,"/Users/jason.carty/code/node/booking-system/src/main.ts": {"path":"/Users/jason.carty/code/node/booking-system/src/main.ts","statementMap":{"0":{"start":{"line":1,"column":0},"end":{"line":1,"column":43}},"1":{"start":{"line":2,"column":0},"end":{"line":2,"column":41}},"2":{"start":{"line":5,"column":14},"end":{"line":5,"column":49}},"3":{"start":{"line":6,"column":2},"end":{"line":6,"column":25}},"4":{"start":{"line":4,"column":0},"end":{"line":4,"column":30}},"5":{"start":{"line":8,"column":0},"end":{"line":8,"column":12}}},"fnMap":{"0":{"name":"bootstrap","decl":{"start":{"line":4,"column":30},"end":{"line":4,"column":39}},"loc":{"start":{"line":4,"column":39},"end":{"line":7,"column":null}}}},"branchMap":{},"s":{"0":1,"1":1,"2":2,"3":2,"4":1,"5":1},"f":{"0":2},"b":{}}
,"/Users/jason.carty/code/node/booking-system/src/Repositories/user.entity.ts": {"path":"/Users/jason.carty/code/node/booking-system/src/Repositories/user.entity.ts","statementMap":{"0":{"start":{"line":1,"column":0},"end":{"line":1,"column":null}},"1":{"start":{"line":9,"column":0},"end":{"line":9,"column":42}},"2":{"start":{"line":11,"column":0},"end":{"line":11,"column":36}},"3":{"start":{"line":14,"column":0},"end":{"line":85,"column":null}},"4":{"start":{"line":16,"column":2},"end":{"line":16,"column":null}},"5":{"start":{"line":21,"column":2},"end":{"line":21,"column":null}},"6":{"start":{"line":33,"column":2},"end":{"line":33,"column":null}},"7":{"start":{"line":38,"column":2},"end":{"line":38,"column":null}},"8":{"start":{"line":44,"column":2},"end":{"line":44,"column":null}},"9":{"start":{"line":49,"column":2},"end":{"line":49,"column":null}},"10":{"start":{"line":55,"column":2},"end":{"line":55,"column":null}},"11":{"start":{"line":60,"column":2},"end":{"line":60,"column":null}},"12":{"start":{"line":66,"column":2},"end":{"line":66,"column":null}},"13":{"start":{"line":71,"column":2},"end":{"line":71,"column":null}},"14":{"start":{"line":78,"column":2},"end":{"line":78,"column":null}},"15":{"start":{"line":81,"column":2},"end":{"line":81,"column":null}},"16":{"start":{"line":84,"column":2},"end":{"line":84,"column":null}},"17":{"start":{"line":14,"column":13},"end":{"line":85,"column":null}},"18":{"start":{"line":14,"column":13},"end":{"line":14,"column":17}}},"fnMap":{},"branchMap":{},"s":{"0":10,"1":10,"2":10,"3":10,"4":10,"5":10,"6":10,"7":10,"8":10,"9":10,"10":10,"11":10,"12":10,"13":10,"14":10,"15":10,"16":10,"17":10,"18":10},"f":{},"b":{}}
,"/Users/jason.carty/code/node/booking-system/src/components/Admin/admin.controller.ts": {"path":"/Users/jason.carty/code/node/booking-system/src/components/Admin/admin.controller.ts","statementMap":{"0":{"start":{"line":1,"column":0},"end":{"line":1,"column":86}},"1":{"start":{"line":4,"column":0},"end":{"line":4,"column":47}},"2":{"start":{"line":6,"column":0},"end":{"line":6,"column":53}},"3":{"start":{"line":9,"column":0},"end":{"line":36,"column":null}},"4":{"start":{"line":10,"column":22},"end":{"line":10,"column":36}},"5":{"start":{"line":14,"column":4},"end":{"line":14,"column":40}},"6":{"start":{"line":19,"column":4},"end":{"line":19,"column":48}},"7":{"start":{"line":24,"column":4},"end":{"line":24,"column":55}},"8":{"start":{"line":29,"column":4},"end":{"line":29,"column":66}},"9":{"start":{"line":34,"column":4},"end":{"line":34,"column":82}},"10":{"start":{"line":13,"column":2},"end":{"line":15,"column":null}},"11":{"start":{"line":18,"column":2},"end":{"line":20,"column":null}},"12":{"start":{"line":23,"column":2},"end":{"line":25,"column":null}},"13":{"start":{"line":28,"column":2},"end":{"line":30,"column":null}},"14":{"start":{"line":33,"column":2},"end":{"line":35,"column":null}},"15":{"start":{"line":9,"column":13},"end":{"line":36,"column":null}},"16":{"start":{"line":9,"column":13},"end":{"line":9,"column":28}}},"fnMap":{"0":{"name":"(anonymous_4)","decl":{"start":{"line":10,"column":2},"end":{"line":10,"column":22}},"loc":{"start":{"line":10,"column":48},"end":{"line":10,"column":52}}},"1":{"name":"(anonymous_5)","decl":{"start":{"line":13,"column":2},"end":{"line":13,"column":10}},"loc":{"start":{"line":13,"column":10},"end":{"line":15,"column":3}}},"2":{"name":"(anonymous_6)","decl":{"start":{"line":18,"column":2},"end":{"line":18,"column":9}},"loc":{"start":{"line":18,"column":25},"end":{"line":20,"column":3}}},"3":{"name":"(anonymous_7)","decl":{"start":{"line":23,"column":2},"end":{"line":23,"column":12}},"loc":{"start":{"line":23,"column":49},"end":{"line":25,"column":3}}},"4":{"name":"(anonymous_8)","decl":{"start":{"line":28,"column":2},"end":{"line":28,"column":12}},"loc":{"start":{"line":28,"column":66},"end":{"line":30,"column":3}}},"5":{"name":"(anonymous_9)","decl":{"start":{"line":33,"column":2},"end":{"line":33,"column":12}},"loc":{"start":{"line":33,"column":53},"end":{"line":35,"column":3}}}},"branchMap":{},"s":{"0":4,"1":4,"2":4,"3":4,"4":5,"5":1,"6":1,"7":1,"8":1,"9":1,"10":4,"11":4,"12":4,"13":4,"14":4,"15":4,"16":4},"f":{"0":5,"1":1,"2":1,"3":1,"4":1,"5":1},"b":{}}
,"/Users/jason.carty/code/node/booking-system/src/components/Admin/admin.module.ts": {"path":"/Users/jason.carty/code/node/booking-system/src/components/Admin/admin.module.ts","statementMap":{"0":{"start":{"line":1,"column":0},"end":{"line":1,"column":48}},"1":{"start":{"line":2,"column":0},"end":{"line":2,"column":40}},"2":{"start":{"line":4,"column":0},"end":{"line":4,"column":47}},"3":{"start":{"line":5,"column":0},"end":{"line":5,"column":53}},"4":{"start":{"line":6,"column":0},"end":{"line":6,"column":64}},"5":{"start":{"line":7,"column":0},"end":{"line":7,"column":51}},"6":{"start":{"line":8,"column":0},"end":{"line":8,"column":54}},"7":{"start":{"line":16,"column":0},"end":{"line":16,"column":null}},"8":{"start":{"line":16,"column":13},"end":{"line":16,"column":null}},"9":{"start":{"line":16,"column":13},"end":{"line":16,"column":24}}},"fnMap":{},"branchMap":{},"s":{"0":3,"1":3,"2":3,"3":3,"4":3,"5":3,"6":3,"7":3,"8":3,"9":3},"f":{},"b":{}}
,"/Users/jason.carty/code/node/booking-system/src/components/Admin/admin.service.ts": {"path":"/Users/jason.carty/code/node/booking-system/src/components/Admin/admin.service.ts","statementMap":{"0":{"start":{"line":3,"column":0},"end":{"line":3,"column":44}},"1":{"start":{"line":4,"column":0},"end":{"line":4,"column":51}},"2":{"start":{"line":5,"column":0},"end":{"line":5,"column":37}},"3":{"start":{"line":6,"column":0},"end":{"line":6,"column":38}},"4":{"start":{"line":8,"column":0},"end":{"line":8,"column":54}},"5":{"start":{"line":9,"column":0},"end":{"line":9,"column":50}},"6":{"start":{"line":10,"column":0},"end":{"line":10,"column":66}},"7":{"start":{"line":11,"column":0},"end":{"line":11,"column":53}},"8":{"start":{"line":15,"column":0},"end":{"line":87,"column":null}},"9":{"start":{"line":18,"column":21},"end":{"line":18,"column":37}},"10":{"start":{"line":19,"column":21},"end":{"line":19,"column":32}},"11":{"start":{"line":20,"column":21},"end":{"line":20,"column":34}},"12":{"start":{"line":24,"column":4},"end":{"line":32,"column":null}},"13":{"start":{"line":25,"column":19},"end":{"line":25,"column":56}},"14":{"start":{"line":26,"column":6},"end":{"line":28,"column":null}},"15":{"start":{"line":27,"column":8},"end":{"line":27,"column":20}},"16":{"start":{"line":29,"column":6},"end":{"line":29,"column":24}},"17":{"start":{"line":31,"column":6},"end":{"line":31,"column":47}},"18":{"start":{"line":36,"column":4},"end":{"line":40,"column":7}},"19":{"start":{"line":44,"column":14},"end":{"line":46,"column":null}},"20":{"start":{"line":50,"column":4},"end":{"line":54,"column":null}},"21":{"start":{"line":51,"column":6},"end":{"line":51,"column":55}},"22":{"start":{"line":53,"column":6},"end":{"line":53,"column":52}},"23":{"start":{"line":55,"column":4},"end":{"line":55,"column":41}},"24":{"start":{"line":56,"column":4},"end":{"line":56,"column":21}},"25":{"start":{"line":60,"column":4},"end":{"line":64,"column":null}},"26":{"start":{"line":61,"column":6},"end":{"line":61,"column":81}},"27":{"start":{"line":63,"column":6},"end":{"line":63,"column":52}},"28":{"start":{"line":68,"column":17},"end":{"line":68,"column":39}},"29":{"start":{"line":69,"column":4},"end":{"line":76,"column":null}},"30":{"start":{"line":70,"column":25},"end":{"line":70,"column":35}},"31":{"start":{"line":71,"column":6},"end":{"line":71,"column":40}},"32":{"start":{"line":72,"column":6},"end":{"line":72,"column":60}},"33":{"start":{"line":73,"column":6},"end":{"line":73,"column":41}},"34":{"start":{"line":75,"column":6},"end":{"line":75,"column":50}},"35":{"start":{"line":80,"column":24},"end":{"line":80,"column":69}},"36":{"start":{"line":81,"column":4},"end":{"line":83,"column":null}},"37":{"start":{"line":82,"column":6},"end":{"line":82,"column":66}},"38":{"start":{"line":84,"column":17},"end":{"line":84,"column":39}},"39":{"start":{"line":85,"column":4},"end":{"line":85,"column":50}},"40":{"start":{"line":15,"column":13},"end":{"line":87,"column":null}},"41":{"start":{"line":15,"column":13},"end":{"line":15,"column":25}}},"fnMap":{"0":{"name":"(anonymous_10)","decl":{"start":{"line":16,"column":2},"end":{"line":16,"column":null}},"loc":{"start":{"line":20,"column":45},"end":{"line":21,"column":6}}},"1":{"name":"(anonymous_11)","decl":{"start":{"line":23,"column":8},"end":{"line":23,"column":15}},"loc":{"start":{"line":23,"column":26},"end":{"line":33,"column":null}}},"2":{"name":"(anonymous_13)","decl":{"start":{"line":35,"column":8},"end":{"line":35,"column":16}},"loc":{"start":{"line":35,"column":16},"end":{"line":41,"column":null}}},"3":{"name":"(anonymous_15)","decl":{"start":{"line":43,"column":8},"end":{"line":43,"column":18}},"loc":{"start":{"line":43,"column":40},"end":{"line":57,"column":null}}},"4":{"name":"(anonymous_17)","decl":{"start":{"line":59,"column":10},"end":{"line":59,"column":30}},"loc":{"start":{"line":59,"column":41},"end":{"line":65,"column":3}}},"5":{"name":"(anonymous_18)","decl":{"start":{"line":67,"column":8},"end":{"line":67,"column":18}},"loc":{"start":{"line":67,"column":52},"end":{"line":77,"column":null}}},"6":{"name":"(anonymous_20)","decl":{"start":{"line":79,"column":8},"end":{"line":79,"column":18}},"loc":{"start":{"line":79,"column":49},"end":{"line":86,"column":null}}}},"branchMap":{"0":{"loc":{"start":{"line":26,"column":6},"end":{"line":28,"column":null}},"type":"if","locations":[{"start":{"line":26,"column":6},"end":{"line":28,"column":null}},{"start":{"line":26,"column":6},"end":{"line":28,"column":null}}]},"1":{"loc":{"start":{"line":81,"column":4},"end":{"line":83,"column":null}},"type":"if","locations":[{"start":{"line":81,"column":4},"end":{"line":83,"column":null}},{"start":{"line":81,"column":4},"end":{"line":83,"column":null}}]}},"s":{"0":5,"1":5,"2":5,"3":5,"4":5,"5":5,"6":5,"7":5,"8":5,"9":18,"10":18,"11":18,"12":7,"13":7,"14":6,"15":5,"16":1,"17":2,"18":2,"19":2,"20":2,"21":2,"22":1,"23":1,"24":1,"25":3,"26":3,"27":1,"28":3,"29":2,"30":2,"31":2,"32":2,"33":1,"34":1,"35":2,"36":2,"37":1,"38":1,"39":1,"40":5,"41":5},"f":{"0":18,"1":7,"2":2,"3":2,"4":3,"5":3,"6":2},"b":{"0":[5,1],"1":[1,1]}}
,"/Users/jason.carty/code/node/booking-system/src/components/Admin/dto/index.ts": {"path":"/Users/jason.carty/code/node/booking-system/src/components/Admin/dto/index.ts","statementMap":{"0":{"start":{"line":1,"column":0},"end":{"line":1,"column":9}},"1":{"start":{"line":1,"column":9},"end":{"line":1,"column":50}},"2":{"start":{"line":2,"column":0},"end":{"line":2,"column":9}},"3":{"start":{"line":2,"column":9},"end":{"line":2,"column":50}}},"fnMap":{},"branchMap":{},"s":{"0":4,"1":4,"2":4,"3":4},"f":{},"b":{}}
,"/Users/jason.carty/code/node/booking-system/src/components/Admin/dto/user.update.dto.ts": {"path":"/Users/jason.carty/code/node/booking-system/src/components/Admin/dto/user.update.dto.ts","statementMap":{"0":{"start":{"line":1,"column":0},"end":{"line":1,"column":44}},"1":{"start":{"line":2,"column":0},"end":{"line":2,"column":64}},"2":{"start":{"line":7,"column":2},"end":{"line":7,"column":null}},"3":{"start":{"line":11,"column":2},"end":{"line":11,"column":null}},"4":{"start":{"line":14,"column":2},"end":{"line":14,"column":null}},"5":{"start":{"line":4,"column":0},"end":{"line":4,"column":13}}},"fnMap":{},"branchMap":{},"s":{"0":4,"1":4,"2":4,"3":4,"4":4,"5":4},"f":{},"b":{}}
,"/Users/jason.carty/code/node/booking-system/src/components/AppMailer/appMailer.module.ts": {"path":"/Users/jason.carty/code/node/booking-system/src/components/AppMailer/appMailer.module.ts","statementMap":{"0":{"start":{"line":1,"column":0},"end":{"line":1,"column":40}},"1":{"start":{"line":3,"column":0},"end":{"line":3,"column":55}},"2":{"start":{"line":9,"column":0},"end":{"line":9,"column":null}},"3":{"start":{"line":9,"column":13},"end":{"line":9,"column":null}},"4":{"start":{"line":9,"column":13},"end":{"line":9,"column":28}}},"fnMap":{},"branchMap":{},"s":{"0":3,"1":3,"2":3,"3":3,"4":3},"f":{},"b":{}}
,"/Users/jason.carty/code/node/booking-system/src/components/AppMailer/appMailer.service.ts": {"path":"/Users/jason.carty/code/node/booking-system/src/components/AppMailer/appMailer.service.ts","statementMap":{"0":{"start":{"line":1,"column":0},"end":{"line":1,"column":44}},"1":{"start":{"line":2,"column":0},"end":{"line":2,"column":53}},"2":{"start":{"line":3,"column":0},"end":{"line":3,"column":60}},"3":{"start":{"line":6,"column":0},"end":{"line":32,"column":null}},"4":{"start":{"line":8,"column":31},"end":{"line":8,"column":46}},"5":{"start":{"line":9,"column":4},"end":{"line":9,"column":38}},"6":{"start":{"line":13,"column":4},"end":{"line":13,"column":82}},"7":{"start":{"line":21,"column":4},"end":{"line":30,"column":7}},"8":{"start":{"line":6,"column":13},"end":{"line":32,"column":null}},"9":{"start":{"line":6,"column":13},"end":{"line":6,"column":29}}},"fnMap":{"0":{"name":"(anonymous_8)","decl":{"start":{"line":8,"column":2},"end":{"line":8,"column":31}},"loc":{"start":{"line":8,"column":59},"end":{"line":10,"column":3}}},"1":{"name":"(anonymous_9)","decl":{"start":{"line":12,"column":10},"end":{"line":12,"column":28}},"loc":{"start":{"line":12,"column":54},"end":{"line":14,"column":3}}},"2":{"name":"(anonymous_10)","decl":{"start":{"line":16,"column":15},"end":{"line":16,"column":26}},"loc":{"start":{"line":19,"column":20},"end":{"line":31,"column":null}}}},"branchMap":{},"s":{"0":11,"1":11,"2":11,"3":11,"4":3,"5":3,"6":2,"7":2,"8":11,"9":11},"f":{"0":3,"1":2,"2":2},"b":{}}
,"/Users/jason.carty/code/node/booking-system/src/components/Auth/auth.controller.ts": {"path":"/Users/jason.carty/code/node/booking-system/src/components/Auth/auth.controller.ts","statementMap":{"0":{"start":{"line":1,"column":0},"end":{"line":1,"column":56}},"1":{"start":{"line":3,"column":0},"end":{"line":3,"column":53}},"2":{"start":{"line":4,"column":0},"end":{"line":4,"column":70}},"3":{"start":{"line":7,"column":0},"end":{"line":16,"column":null}},"4":{"start":{"line":8,"column":22},"end":{"line":8,"column":35}},"5":{"start":{"line":14,"column":4},"end":{"line":14,"column":63}},"6":{"start":{"line":11,"column":2},"end":{"line":15,"column":null}},"7":{"start":{"line":7,"column":13},"end":{"line":16,"column":null}},"8":{"start":{"line":7,"column":13},"end":{"line":7,"column":27}}},"fnMap":{"0":{"name":"(anonymous_4)","decl":{"start":{"line":8,"column":2},"end":{"line":8,"column":22}},"loc":{"start":{"line":8,"column":46},"end":{"line":8,"column":50}}},"1":{"name":"(anonymous_5)","decl":{"start":{"line":11,"column":2},"end":{"line":11,"column":15}},"loc":{"start":{"line":12,"column":60},"end":{"line":15,"column":3}}}},"branchMap":{},"s":{"0":3,"1":3,"2":3,"3":3,"4":1,"5":1,"6":3,"7":3,"8":3},"f":{"0":1,"1":1},"b":{}}
,"/Users/jason.carty/code/node/booking-system/src/components/Auth/auth.module.ts": {"path":"/Users/jason.carty/code/node/booking-system/src/components/Auth/auth.module.ts","statementMap":{"0":{"start":{"line":1,"column":0},"end":{"line":1,"column":40}},"1":{"start":{"line":3,"column":0},"end":{"line":3,"column":51}},"2":{"start":{"line":4,"column":0},"end":{"line":4,"column":51}},"3":{"start":{"line":5,"column":0},"end":{"line":5,"column":45}},"4":{"start":{"line":13,"column":0},"end":{"line":13,"column":null}},"5":{"start":{"line":13,"column":13},"end":{"line":13,"column":null}},"6":{"start":{"line":13,"column":13},"end":{"line":13,"column":23}}},"fnMap":{},"branchMap":{},"s":{"0":2,"1":2,"2":2,"3":2,"4":2,"5":2,"6":2},"f":{},"b":{}}
,"/Users/jason.carty/code/node/booking-system/src/components/Auth/auth.service.ts": {"path":"/Users/jason.carty/code/node/booking-system/src/components/Auth/auth.service.ts","statementMap":{"0":{"start":{"line":1,"column":0},"end":{"line":1,"column":51}},"1":{"start":{"line":3,"column":0},"end":{"line":3,"column":53}},"2":{"start":{"line":4,"column":0},"end":{"line":4,"column":48}},"3":{"start":{"line":5,"column":0},"end":{"line":5,"column":42}},"4":{"start":{"line":6,"column":0},"end":{"line":6,"column":52}},"5":{"start":{"line":9,"column":0},"end":{"line":37,"column":null}},"6":{"start":{"line":10,"column":31},"end":{"line":10,"column":44}},"7":{"start":{"line":13,"column":4},"end":{"line":13,"column":47}},"8":{"start":{"line":17,"column":17},"end":{"line":17,"column":52}},"9":{"start":{"line":18,"column":4},"end":{"line":20,"column":null}},"10":{"start":{"line":19,"column":6},"end":{"line":19,"column":54}},"11":{"start":{"line":21,"column":4},"end":{"line":21,"column":16}},"12":{"start":{"line":25,"column":4},"end":{"line":25,"column":56}},"13":{"start":{"line":30,"column":4},"end":{"line":34,"column":null}},"14":{"start":{"line":31,"column":6},"end":{"line":31,"column":39}},"15":{"start":{"line":33,"column":6},"end":{"line":33,"column":54}},"16":{"start":{"line":35,"column":4},"end":{"line":35,"column":38}},"17":{"start":{"line":9,"column":13},"end":{"line":37,"column":null}},"18":{"start":{"line":9,"column":13},"end":{"line":9,"column":24}}},"fnMap":{"0":{"name":"(anonymous_8)","decl":{"start":{"line":10,"column":2},"end":{"line":10,"column":31}},"loc":{"start":{"line":10,"column":55},"end":{"line":10,"column":59}}},"1":{"name":"(anonymous_9)","decl":{"start":{"line":12,"column":8},"end":{"line":12,"column":24}},"loc":{"start":{"line":12,"column":38},"end":{"line":14,"column":null}}},"2":{"name":"(anonymous_11)","decl":{"start":{"line":16,"column":8},"end":{"line":16,"column":25}},"loc":{"start":{"line":16,"column":39},"end":{"line":22,"column":null}}},"3":{"name":"(anonymous_13)","decl":{"start":{"line":24,"column":8},"end":{"line":24,"column":16}},"loc":{"start":{"line":24,"column":30},"end":{"line":26,"column":null}}},"4":{"name":"(anonymous_15)","decl":{"start":{"line":28,"column":8},"end":{"line":28,"column":25}},"loc":{"start":{"line":28,"column":39},"end":{"line":36,"column":null}}}},"branchMap":{"0":{"loc":{"start":{"line":18,"column":4},"end":{"line":20,"column":null}},"type":"if","locations":[{"start":{"line":18,"column":4},"end":{"line":20,"column":null}},{"start":{"line":18,"column":4},"end":{"line":20,"column":null}}]},"1":{"loc":{"start":{"line":18,"column":8},"end":{"line":18,"column":13}},"type":"binary-expr","locations":[{"start":{"line":18,"column":8},"end":{"line":18,"column":13}},{"start":{"line":18,"column":17},"end":{"line":18,"column":45}}]}},"s":{"0":4,"1":4,"2":4,"3":4,"4":4,"5":4,"6":23,"7":2,"8":3,"9":3,"10":2,"11":1,"12":1,"13":2,"14":2,"15":1,"16":1,"17":4,"18":4},"f":{"0":23,"1":2,"2":3,"3":1,"4":2},"b":{"0":[2,1],"1":[3,2]}}
,"/Users/jason.carty/code/node/booking-system/src/components/Auth/dto/authentication.create.dto.ts": {"path":"/Users/jason.carty/code/node/booking-system/src/components/Auth/dto/authentication.create.dto.ts","statementMap":{"0":{"start":{"line":1,"column":0},"end":{"line":1,"column":52}},"1":{"start":{"line":6,"column":2},"end":{"line":6,"column":null}},"2":{"start":{"line":9,"column":2},"end":{"line":9,"column":null}},"3":{"start":{"line":3,"column":0},"end":{"line":3,"column":13}}},"fnMap":{},"branchMap":{},"s":{"0":3,"1":3,"2":3,"3":3},"f":{},"b":{}}
,"/Users/jason.carty/code/node/booking-system/src/components/Auth/dto/index.ts": {"path":"/Users/jason.carty/code/node/booking-system/src/components/Auth/dto/index.ts","statementMap":{"0":{"start":{"line":1,"column":0},"end":{"line":1,"column":9}},"1":{"start":{"line":1,"column":9},"end":{"line":1,"column":70}}},"fnMap":{},"branchMap":{},"s":{"0":3,"1":3},"f":{},"b":{}}
,"/Users/jason.carty/code/node/booking-system/src/components/User/user.controller.ts": {"path":"/Users/jason.carty/code/node/booking-system/src/components/User/user.controller.ts","statementMap":{"0":{"start":{"line":1,"column":0},"end":{"line":1,"column":78}},"1":{"start":{"line":4,"column":0},"end":{"line":4,"column":45}},"2":{"start":{"line":6,"column":0},"end":{"line":6,"column":84}},"3":{"start":{"line":9,"column":0},"end":{"line":37,"column":null}},"4":{"start":{"line":10,"column":22},"end":{"line":10,"column":31}},"5":{"start":{"line":14,"column":4},"end":{"line":14,"column":66}},"6":{"start":{"line":22,"column":4},"end":{"line":22,"column":81}},"7":{"start":{"line":27,"column":4},"end":{"line":27,"column":67}},"8":{"start":{"line":35,"column":4},"end":{"line":35,"column":88}},"9":{"start":{"line":13,"column":2},"end":{"line":15,"column":null}},"10":{"start":{"line":18,"column":2},"end":{"line":23,"column":null}},"11":{"start":{"line":26,"column":2},"end":{"line":28,"column":null}},"12":{"start":{"line":31,"column":2},"end":{"line":36,"column":null}},"13":{"start":{"line":9,"column":13},"end":{"line":37,"column":null}},"14":{"start":{"line":9,"column":13},"end":{"line":9,"column":27}}},"fnMap":{"0":{"name":"(anonymous_4)","decl":{"start":{"line":10,"column":2},"end":{"line":10,"column":22}},"loc":{"start":{"line":10,"column":42},"end":{"line":10,"column":46}}},"1":{"name":"(anonymous_5)","decl":{"start":{"line":13,"column":2},"end":{"line":13,"column":12}},"loc":{"start":{"line":13,"column":36},"end":{"line":15,"column":3}}},"2":{"name":"(anonymous_6)","decl":{"start":{"line":18,"column":2},"end":{"line":18,"column":12}},"loc":{"start":{"line":20,"column":27},"end":{"line":23,"column":3}}},"3":{"name":"(anonymous_7)","decl":{"start":{"line":26,"column":2},"end":{"line":26,"column":21}},"loc":{"start":{"line":26,"column":74},"end":{"line":28,"column":3}}},"4":{"name":"(anonymous_8)","decl":{"start":{"line":31,"column":2},"end":{"line":31,"column":16}},"loc":{"start":{"line":33,"column":19},"end":{"line":36,"column":3}}}},"branchMap":{},"s":{"0":4,"1":4,"2":4,"3":4,"4":4,"5":1,"6":1,"7":1,"8":1,"9":4,"10":4,"11":4,"12":4,"13":4,"14":4},"f":{"0":4,"1":1,"2":1,"3":1,"4":1},"b":{}}
,"/Users/jason.carty/code/node/booking-system/src/components/User/user.module.ts": {"path":"/Users/jason.carty/code/node/booking-system/src/components/User/user.module.ts","statementMap":{"0":{"start":{"line":1,"column":0},"end":{"line":1,"column":40}},"1":{"start":{"line":2,"column":0},"end":{"line":2,"column":48}},"2":{"start":{"line":4,"column":0},"end":{"line":4,"column":45}},"3":{"start":{"line":5,"column":0},"end":{"line":5,"column":51}},"4":{"start":{"line":6,"column":0},"end":{"line":6,"column":54}},"5":{"start":{"line":7,"column":0},"end":{"line":7,"column":64}},"6":{"start":{"line":15,"column":0},"end":{"line":15,"column":null}},"7":{"start":{"line":15,"column":13},"end":{"line":15,"column":null}},"8":{"start":{"line":15,"column":13},"end":{"line":15,"column":23}}},"fnMap":{},"branchMap":{},"s":{"0":3,"1":3,"2":3,"3":3,"4":3,"5":3,"6":3,"7":3,"8":3},"f":{},"b":{}}
,"/Users/jason.carty/code/node/booking-system/src/components/User/user.service.ts": {"path":"/Users/jason.carty/code/node/booking-system/src/components/User/user.service.ts","statementMap":{"0":{"start":{"line":3,"column":0},"end":{"line":3,"column":44}},"1":{"start":{"line":4,"column":0},"end":{"line":4,"column":51}},"2":{"start":{"line":5,"column":0},"end":{"line":5,"column":37}},"3":{"start":{"line":6,"column":0},"end":{"line":6,"column":50}},"4":{"start":{"line":7,"column":0},"end":{"line":7,"column":38}},"5":{"start":{"line":9,"column":0},"end":{"line":9,"column":54}},"6":{"start":{"line":10,"column":0},"end":{"line":10,"column":59}},"7":{"start":{"line":11,"column":0},"end":{"line":11,"column":73}},"8":{"start":{"line":13,"column":0},"end":{"line":13,"column":66}},"9":{"start":{"line":17,"column":0},"end":{"line":149,"column":null}},"10":{"start":{"line":20,"column":21},"end":{"line":20,"column":37}},"11":{"start":{"line":21,"column":21},"end":{"line":21,"column":32}},"12":{"start":{"line":25,"column":4},"end":{"line":33,"column":null}},"13":{"start":{"line":26,"column":19},"end":{"line":26,"column":56}},"14":{"start":{"line":27,"column":6},"end":{"line":29,"column":null}},"15":{"start":{"line":28,"column":8},"end":{"line":28,"column":20}},"16":{"start":{"line":30,"column":6},"end":{"line":30,"column":24}},"17":{"start":{"line":32,"column":6},"end":{"line":32,"column":47}},"18":{"start":{"line":37,"column":18},"end":{"line":37,"column":42}},"19":{"start":{"line":40,"column":4},"end":{"line":44,"column":null}},"20":{"start":{"line":41,"column":6},"end":{"line":41,"column":39}},"21":{"start":{"line":43,"column":6},"end":{"line":43,"column":54}},"22":{"start":{"line":46,"column":4},"end":{"line":46,"column":44}},"23":{"start":{"line":50,"column":17},"end":{"line":54,"column":6}},"24":{"start":{"line":56,"column":4},"end":{"line":58,"column":null}},"25":{"start":{"line":57,"column":6},"end":{"line":57,"column":47}},"26":{"start":{"line":59,"column":4},"end":{"line":59,"column":16}},"27":{"start":{"line":63,"column":17},"end":{"line":63,"column":50}},"28":{"start":{"line":64,"column":23},"end":{"line":64,"column":33}},"29":{"start":{"line":65,"column":4},"end":{"line":65,"column":38}},"30":{"start":{"line":66,"column":4},"end":{"line":71,"column":null}},"31":{"start":{"line":67,"column":6},"end":{"line":67,"column":60}},"32":{"start":{"line":68,"column":6},"end":{"line":68,"column":41}},"33":{"start":{"line":70,"column":6},"end":{"line":70,"column":50}},"34":{"start":{"line":75,"column":17},"end":{"line":75,"column":49}},"35":{"start":{"line":76,"column":23},"end":{"line":76,"column":33}},"36":{"start":{"line":77,"column":4},"end":{"line":77,"column":49}},"37":{"start":{"line":78,"column":4},"end":{"line":78,"column":58}},"38":{"start":{"line":80,"column":4},"end":{"line":92,"column":null}},"39":{"start":{"line":81,"column":23},"end":{"line":84,"column":null}},"40":{"start":{"line":86,"column":6},"end":{"line":89,"column":8}},"41":{"start":{"line":91,"column":6},"end":{"line":91,"column":52}},"42":{"start":{"line":105,"column":17},"end":{"line":110,"column":6}},"43":{"start":{"line":111,"column":4},"end":{"line":113,"column":null}},"44":{"start":{"line":112,"column":6},"end":{"line":112,"column":47}},"45":{"start":{"line":115,"column":22},"end":{"line":119,"column":6}},"46":{"start":{"line":120,"column":23},"end":{"line":120,"column":33}},"47":{"start":{"line":121,"column":4},"end":{"line":121,"column":41}},"48":{"start":{"line":123,"column":4},"end":{"line":128,"column":null}},"49":{"start":{"line":124,"column":6},"end":{"line":124,"column":60}},"50":{"start":{"line":125,"column":6},"end":{"line":125,"column":41}},"51":{"start":{"line":127,"column":6},"end":{"line":127,"column":50}},"52":{"start":{"line":132,"column":17},"end":{"line":132,"column":34}},"53":{"start":{"line":133,"column":4},"end":{"line":133,"column":38}},"54":{"start":{"line":137,"column":17},"end":{"line":137,"column":54}},"55":{"start":{"line":138,"column":4},"end":{"line":145,"column":null}},"56":{"start":{"line":139,"column":24},"end":{"line":139,"column":28}},"57":{"start":{"line":140,"column":20},"end":{"line":140,"column":48}},"58":{"start":{"line":141,"column":6},"end":{"line":144,"column":8}},"59":{"start":{"line":147,"column":4},"end":{"line":147,"column":45}},"60":{"start":{"line":17,"column":13},"end":{"line":149,"column":null}},"61":{"start":{"line":17,"column":13},"end":{"line":17,"column":24}}},"fnMap":{"0":{"name":"(anonymous_10)","decl":{"start":{"line":18,"column":2},"end":{"line":18,"column":null}},"loc":{"start":{"line":21,"column":48},"end":{"line":22,"column":6}}},"1":{"name":"(anonymous_11)","decl":{"start":{"line":24,"column":16},"end":{"line":24,"column":23}},"loc":{"start":{"line":24,"column":34},"end":{"line":34,"column":null}}},"2":{"name":"(anonymous_13)","decl":{"start":{"line":36,"column":8},"end":{"line":36,"column":18}},"loc":{"start":{"line":36,"column":37},"end":{"line":47,"column":null}}},"3":{"name":"(anonymous_15)","decl":{"start":{"line":49,"column":8},"end":{"line":49,"column":22}},"loc":{"start":{"line":49,"column":36},"end":{"line":60,"column":null}}},"4":{"name":"(anonymous_17)","decl":{"start":{"line":62,"column":8},"end":{"line":62,"column":18}},"loc":{"start":{"line":62,"column":60},"end":{"line":72,"column":null}}},"5":{"name":"(anonymous_19)","decl":{"start":{"line":74,"column":8},"end":{"line":74,"column":27}},"loc":{"start":{"line":74,"column":60},"end":{"line":93,"column":null}}},"6":{"name":"(anonymous_21)","decl":{"start":{"line":101,"column":8},"end":{"line":101,"column":22}},"loc":{"start":{"line":103,"column":29},"end":{"line":129,"column":null}}},"7":{"name":"(anonymous_23)","decl":{"start":{"line":131,"column":8},"end":{"line":131,"column":20}},"loc":{"start":{"line":131,"column":37},"end":{"line":134,"column":null}}},"8":{"name":"(anonymous_25)","decl":{"start":{"line":136,"column":8},"end":{"line":136,"column":17}},"loc":{"start":{"line":136,"column":47},"end":{"line":148,"column":null}}}},"branchMap":{"0":{"loc":{"start":{"line":27,"column":6},"end":{"line":29,"column":null}},"type":"if","locations":[{"start":{"line":27,"column":6},"end":{"line":29,"column":null}},{"start":{"line":27,"column":6},"end":{"line":29,"column":null}}]},"1":{"loc":{"start":{"line":56,"column":4},"end":{"line":58,"column":null}},"type":"if","locations":[{"start":{"line":56,"column":4},"end":{"line":58,"column":null}},{"start":{"line":56,"column":4},"end":{"line":58,"column":null}}]},"2":{"loc":{"start":{"line":111,"column":4},"end":{"line":113,"column":null}},"type":"if","locations":[{"start":{"line":111,"column":4},"end":{"line":113,"column":null}},{"start":{"line":111,"column":4},"end":{"line":113,"column":null}}]},"3":{"loc":{"start":{"line":138,"column":4},"end":{"line":145,"column":null}},"type":"if","locations":[{"start":{"line":138,"column":4},"end":{"line":145,"column":null}},{"start":{"line":138,"column":4},"end":{"line":145,"column":null}}]}},"s":{"0":10,"1":10,"2":10,"3":10,"4":10,"5":10,"6":10,"7":10,"8":10,"9":10,"10":65,"11":65,"12":7,"13":7,"14":6,"15":5,"16":1,"17":2,"18":4,"19":4,"20":4,"21":1,"22":3,"23":6,"24":6,"25":4,"26":2,"27":4,"28":3,"29":3,"30":3,"31":3,"32":2,"33":1,"34":3,"35":3,"36":3,"37":3,"38":3,"39":3,"40":2,"41":1,"42":4,"43":4,"44":1,"45":3,"46":3,"47":3,"48":3,"49":3,"50":2,"51":1,"52":2,"53":2,"54":3,"55":2,"56":1,"57":1,"58":1,"59":1,"60":10,"61":10},"f":{"0":65,"1":7,"2":4,"3":6,"4":4,"5":3,"6":4,"7":2,"8":3},"b":{"0":[5,1],"1":[4,2],"2":[1,3],"3":[1,1]}}
,"/Users/jason.carty/code/node/booking-system/src/components/User/dto/index.ts": {"path":"/Users/jason.carty/code/node/booking-system/src/components/User/dto/index.ts","statementMap":{"0":{"start":{"line":1,"column":0},"end":{"line":1,"column":9}},"1":{"start":{"line":1,"column":9},"end":{"line":1,"column":67}},"2":{"start":{"line":2,"column":0},"end":{"line":2,"column":9}},"3":{"start":{"line":2,"column":9},"end":{"line":2,"column":67}},"4":{"start":{"line":3,"column":0},"end":{"line":3,"column":9}},"5":{"start":{"line":3,"column":9},"end":{"line":3,"column":50}}},"fnMap":{},"branchMap":{},"s":{"0":4,"1":4,"2":4,"3":4,"4":4,"5":4},"f":{},"b":{}}
,"/Users/jason.carty/code/node/booking-system/src/components/User/dto/user.confirm.account.dto.ts": {"path":"/Users/jason.carty/code/node/booking-system/src/components/User/dto/user.confirm.account.dto.ts","statementMap":{"0":{"start":{"line":1,"column":0},"end":{"line":1,"column":73}},"1":{"start":{"line":2,"column":0},"end":{"line":2,"column":67}},"2":{"start":{"line":6,"column":2},"end":{"line":6,"column":null}},"3":{"start":{"line":11,"column":2},"end":{"line":11,"column":null}},"4":{"start":{"line":4,"column":0},"end":{"line":4,"column":13}}},"fnMap":{},"branchMap":{},"s":{"0":4,"1":4,"2":4,"3":4,"4":4},"f":{},"b":{}}
,"/Users/jason.carty/code/node/booking-system/src/components/User/dto/user.confirm.request.dto.ts": {"path":"/Users/jason.carty/code/node/booking-system/src/components/User/dto/user.confirm.request.dto.ts","statementMap":{"0":{"start":{"line":1,"column":0},"end":{"line":1,"column":42}},"1":{"start":{"line":5,"column":2},"end":{"line":5,"column":null}},"2":{"start":{"line":3,"column":0},"end":{"line":3,"column":13}}},"fnMap":{},"branchMap":{},"s":{"0":4,"1":4,"2":4},"f":{},"b":{}}
,"/Users/jason.carty/code/node/booking-system/src/components/User/dto/user.create.dto.ts": {"path":"/Users/jason.carty/code/node/booking-system/src/components/User/dto/user.create.dto.ts","statementMap":{"0":{"start":{"line":1,"column":0},"end":{"line":1,"column":52}},"1":{"start":{"line":5,"column":2},"end":{"line":5,"column":null}},"2":{"start":{"line":8,"column":2},"end":{"line":8,"column":null}},"3":{"start":{"line":3,"column":0},"end":{"line":3,"column":13}}},"fnMap":{},"branchMap":{},"s":{"0":4,"1":4,"2":4,"3":4},"f":{},"b":{}}
,"/Users/jason.carty/code/node/booking-system/src/components/User/dto/user.update.dto.ts": {"path":"/Users/jason.carty/code/node/booking-system/src/components/User/dto/user.update.dto.ts","statementMap":{"0":{"start":{"line":1,"column":0},"end":{"line":1,"column":85}},"1":{"start":{"line":2,"column":0},"end":{"line":2,"column":67}},"2":{"start":{"line":7,"column":2},"end":{"line":7,"column":null}},"3":{"start":{"line":11,"column":2},"end":{"line":11,"column":null}},"4":{"start":{"line":17,"column":2},"end":{"line":17,"column":null}},"5":{"start":{"line":4,"column":0},"end":{"line":4,"column":13}}},"fnMap":{},"branchMap":{},"s":{"0":4,"1":4,"2":4,"3":4,"4":4,"5":4},"f":{},"b":{}}
,"/Users/jason.carty/code/node/booking-system/src/config/config.module.ts": {"path":"/Users/jason.carty/code/node/booking-system/src/config/config.module.ts","statementMap":{"0":{"start":{"line":1,"column":0},"end":{"line":1,"column":40}},"1":{"start":{"line":2,"column":0},"end":{"line":2,"column":49}},"2":{"start":{"line":13,"column":0},"end":{"line":13,"column":null}},"3":{"start":{"line":13,"column":13},"end":{"line":13,"column":null}},"4":{"start":{"line":13,"column":13},"end":{"line":13,"column":25}}},"fnMap":{},"branchMap":{},"s":{"0":2,"1":2,"2":2,"3":2,"4":2},"f":{},"b":{}}
,"/Users/jason.carty/code/node/booking-system/src/config/config.service.ts": {"path":"/Users/jason.carty/code/node/booking-system/src/config/config.service.ts","statementMap":{"0":{"start":{"line":1,"column":0},"end":{"line":1,"column":31}},"1":{"start":{"line":2,"column":0},"end":{"line":2,"column":34}},"2":{"start":{"line":3,"column":0},"end":{"line":3,"column":31}},"3":{"start":{"line":4,"column":0},"end":{"line":4,"column":89}},"4":{"start":{"line":10,"column":20},"end":{"line":22,"column":2}},"5":{"start":{"line":28,"column":22},"end":{"line":28,"column":42}},"6":{"start":{"line":29,"column":4},"end":{"line":31,"column":null}},"7":{"start":{"line":30,"column":6},"end":{"line":30,"column":34}},"8":{"start":{"line":32,"column":17},"end":{"line":32,"column":19}},"9":{"start":{"line":33,"column":4},"end":{"line":38,"column":null}},"10":{"start":{"line":34,"column":23},"end":{"line":34,"column":52}},"11":{"start":{"line":35,"column":6},"end":{"line":35,"column":65}},"12":{"start":{"line":37,"column":6},"end":{"line":37,"column":77}},"13":{"start":{"line":37,"column":44},"end":{"line":37,"column":74}},"14":{"start":{"line":39,"column":4},"end":{"line":39,"column":61}},"15":{"start":{"line":43,"column":4},"end":{"line":52,"column":null}},"16":{"start":{"line":45,"column":8},"end":{"line":45,"column":24}},"17":{"start":{"line":47,"column":8},"end":{"line":47,"column":34}},"18":{"start":{"line":49,"column":8},"end":{"line":49,"column":34}},"19":{"start":{"line":51,"column":8},"end":{"line":51,"column":24}},"20":{"start":{"line":56,"column":4},"end":{"line":70,"column":7}},"21":{"start":{"line":78,"column":49},"end":{"line":80,"column":null}},"22":{"start":{"line":82,"column":4},"end":{"line":84,"column":null}},"23":{"start":{"line":83,"column":6},"end":{"line":83,"column":67}},"24":{"start":{"line":85,"column":4},"end":{"line":85,"column":30}},"25":{"start":{"line":24,"column":0},"end":{"line":24,"column":13}}},"fnMap":{"0":{"name":"(anonymous_0)","decl":{"start":{"line":27,"column":2},"end":{"line":27,"column":null}},"loc":{"start":{"line":27,"column":2},"end":{"line":40,"column":3}}},"1":{"name":"(anonymous_1)","decl":{"start":{"line":37,"column":26},"end":{"line":37,"column":27}},"loc":{"start":{"line":37,"column":44},"end":{"line":37,"column":74}}},"2":{"name":"(anonymous_2)","decl":{"start":{"line":42,"column":2},"end":{"line":42,"column":20}},"loc":{"start":{"line":42,"column":40},"end":{"line":53,"column":3}}},"3":{"name":"(anonymous_3)","decl":{"start":{"line":55,"column":10},"end":{"line":55,"column":19}},"loc":{"start":{"line":55,"column":39},"end":{"line":71,"column":3}}},"4":{"name":"(anonymous_4)","decl":{"start":{"line":77,"column":10},"end":{"line":77,"column":23}},"loc":{"start":{"line":77,"column":65},"end":{"line":86,"column":3}}}},"branchMap":{"0":{"loc":{"start":{"line":29,"column":4},"end":{"line":31,"column":null}},"type":"if","locations":[{"start":{"line":29,"column":4},"end":{"line":31,"column":null}},{"start":{"line":29,"column":4},"end":{"line":31,"column":null}}]},"1":{"loc":{"start":{"line":33,"column":4},"end":{"line":38,"column":null}},"type":"if","locations":[{"start":{"line":33,"column":4},"end":{"line":38,"column":null}},{"start":{"line":33,"column":4},"end":{"line":38,"column":null}}]},"2":{"loc":{"start":{"line":44,"column":6},"end":{"line":45,"column":24}},"type":"switch","locations":[{"start":{"line":44,"column":6},"end":{"line":45,"column":24}},{"start":{"line":46,"column":6},"end":{"line":47,"column":34}},{"start":{"line":48,"column":6},"end":{"line":49,"column":34}},{"start":{"line":50,"column":6},"end":{"line":51,"column":24}}]},"3":{"loc":{"start":{"line":82,"column":4},"end":{"line":84,"column":null}},"type":"if","locations":[{"start":{"line":82,"column":4},"end":{"line":84,"column":null}},{"start":{"line":82,"column":4},"end":{"line":84,"column":null}}]}},"s":{"0":13,"1":13,"2":13,"3":13,"4":13,"5":13,"6":13,"7":1,"8":13,"9":13,"10":11,"11":11,"12":2,"13":22,"14":13,"15":13,"16":2,"17":1,"18":9,"19":1,"20":13,"21":13,"22":13,"23":1,"24":12,"25":13},"f":{"0":13,"1":22,"2":13,"3":13,"4":13},"b":{"0":[1,12],"1":[11,2],"2":[2,1,9,1],"3":[1,12]}}
,"/Users/jason.carty/code/node/booking-system/src/interceptors/auth.interceptor.ts": {"path":"/Users/jason.carty/code/node/booking-system/src/interceptors/auth.interceptor.ts","statementMap":{"0":{"start":{"line":1,"column":0},"end":{"line":1,"column":null}},"1":{"start":{"line":10,"column":0},"end":{"line":10,"column":37}},"2":{"start":{"line":12,"column":0},"end":{"line":12,"column":59}},"3":{"start":{"line":13,"column":0},"end":{"line":13,"column":64}},"4":{"start":{"line":14,"column":0},"end":{"line":14,"column":73}},"5":{"start":{"line":16,"column":13},"end":{"line":16,"column":86}},"6":{"start":{"line":19,"column":0},"end":{"line":61,"column":null}},"7":{"start":{"line":20,"column":31},"end":{"line":20,"column":44}},"8":{"start":{"line":23,"column":18},"end":{"line":23,"column":47}},"9":{"start":{"line":24,"column":4},"end":{"line":24,"column":87}},"10":{"start":{"line":24,"column":50},"end":{"line":24,"column":85}},"11":{"start":{"line":31,"column":16},"end":{"line":31,"column":38}},"12":{"start":{"line":32,"column":16},"end":{"line":32,"column":41}},"13":{"start":{"line":35,"column":4},"end":{"line":49,"column":null}},"14":{"start":{"line":37,"column":6},"end":{"line":39,"column":null}},"15":{"start":{"line":38,"column":8},"end":{"line":38,"column":60}},"16":{"start":{"line":40,"column":6},"end":{"line":42,"column":null}},"17":{"start":{"line":41,"column":8},"end":{"line":41,"column":49}},"18":{"start":{"line":44,"column":19},"end":{"line":46,"column":60}},"19":{"start":{"line":47,"column":24},"end":{"line":47,"column":28}},"20":{"start":{"line":48,"column":6},"end":{"line":48,"column":43}},"21":{"start":{"line":51,"column":4},"end":{"line":59,"column":6}},"22":{"start":{"line":53,"column":8},"end":{"line":57,"column":10}},"23":{"start":{"line":19,"column":13},"end":{"line":61,"column":null}},"24":{"start":{"line":19,"column":13},"end":{"line":19,"column":28}}},"fnMap":{"0":{"name":"(anonymous_8)","decl":{"start":{"line":20,"column":2},"end":{"line":20,"column":31}},"loc":{"start":{"line":20,"column":55},"end":{"line":20,"column":59}}},"1":{"name":"(anonymous_9)","decl":{"start":{"line":22,"column":10},"end":{"line":22,"column":28}},"loc":{"start":{"line":22,"column":41},"end":{"line":25,"column":3}}},"2":{"name":"(anonymous_10)","decl":{"start":{"line":24,"column":23},"end":{"line":24,"column":24}},"loc":{"start":{"line":24,"column":50},"end":{"line":24,"column":85}}},"3":{"name":"(anonymous_11)","decl":{"start":{"line":27,"column":8},"end":{"line":27,"column":17}},"loc":{"start":{"line":29,"column":21},"end":{"line":60,"column":null}}},"4":{"name":"(anonymous_13)","decl":{"start":{"line":52,"column":10},"end":{"line":52,"column":11}},"loc":{"start":{"line":52,"column":23},"end":{"line":58,"column":7}}}},"branchMap":{"0":{"loc":{"start":{"line":35,"column":4},"end":{"line":49,"column":null}},"type":"if","locations":[{"start":{"line":35,"column":4},"end":{"line":49,"column":null}},{"start":{"line":35,"column":4},"end":{"line":49,"column":null}}]},"1":{"loc":{"start":{"line":37,"column":6},"end":{"line":39,"column":null}},"type":"if","locations":[{"start":{"line":37,"column":6},"end":{"line":39,"column":null}},{"start":{"line":37,"column":6},"end":{"line":39,"column":null}}]},"2":{"loc":{"start":{"line":40,"column":6},"end":{"line":42,"column":null}},"type":"if","locations":[{"start":{"line":40,"column":6},"end":{"line":42,"column":null}},{"start":{"line":40,"column":6},"end":{"line":42,"column":null}}]},"3":{"loc":{"start":{"line":45,"column":10},"end":{"line":45,"column":61}},"type":"cond-expr","locations":[{"start":{"line":45,"column":10},"end":{"line":45,"column":61}},{"start":{"line":46,"column":10},"end":{"line":46,"column":60}}]}},"s":{"0":3,"1":3,"2":3,"3":3,"4":3,"5":3,"6":3,"7":15,"8":15,"9":15,"10":33,"11":4,"12":4,"13":4,"14":3,"15":2,"16":3,"17":1,"18":2,"19":2,"20":2,"21":3,"22":1,"23":3,"24":3},"f":{"0":15,"1":15,"2":33,"3":4,"4":1},"b":{"0":[3,1],"1":[2,1],"2":[1,2],"3":[1,1]}}
,"/Users/jason.carty/code/node/booking-system/src/interceptors/index.ts": {"path":"/Users/jason.carty/code/node/booking-system/src/interceptors/index.ts","statementMap":{"0":{"start":{"line":1,"column":0},"end":{"line":1,"column":9}},"1":{"start":{"line":1,"column":9},"end":{"line":1,"column":59}},"2":{"start":{"line":2,"column":0},"end":{"line":2,"column":9}},"3":{"start":{"line":2,"column":9},"end":{"line":2,"column":53}},"4":{"start":{"line":3,"column":0},"end":{"line":3,"column":9}},"5":{"start":{"line":3,"column":9},"end":{"line":3,"column":59}}},"fnMap":{},"branchMap":{},"s":{"0":2,"1":2,"2":2,"3":2,"4":2,"5":2},"f":{},"b":{}}
,"/Users/jason.carty/code/node/booking-system/src/interceptors/logging.interceptor.ts": {"path":"/Users/jason.carty/code/node/booking-system/src/interceptors/logging.interceptor.ts","statementMap":{"0":{"start":{"line":1,"column":0},"end":{"line":1,"column":null}},"1":{"start":{"line":10,"column":0},"end":{"line":10,"column":37}},"2":{"start":{"line":13,"column":0},"end":{"line":37,"column":null}},"3":{"start":{"line":15,"column":16},"end":{"line":15,"column":38}},"4":{"start":{"line":16,"column":16},"end":{"line":16,"column":41}},"5":{"start":{"line":17,"column":22},"end":{"line":17,"column":32}},"6":{"start":{"line":18,"column":4},"end":{"line":24,"column":6}},"7":{"start":{"line":26,"column":4},"end":{"line":35,"column":6}},"8":{"start":{"line":28,"column":24},"end":{"line":28,"column":34}},"9":{"start":{"line":29,"column":8},"end":{"line":33,"column":10}},"10":{"start":{"line":13,"column":13},"end":{"line":37,"column":null}},"11":{"start":{"line":13,"column":13},"end":{"line":13,"column":31}}},"fnMap":{"0":{"name":"(anonymous_1)","decl":{"start":{"line":14,"column":2},"end":{"line":14,"column":11}},"loc":{"start":{"line":14,"column":56},"end":{"line":36,"column":3}}},"1":{"name":"(anonymous_2)","decl":{"start":{"line":27,"column":10},"end":{"line":27,"column":19}},"loc":{"start":{"line":27,"column":21},"end":{"line":34,"column":7}}}},"branchMap":{},"s":{"0":3,"1":3,"2":3,"3":1,"4":1,"5":1,"6":1,"7":1,"8":1,"9":1,"10":3,"11":3},"f":{"0":1,"1":1},"b":{}}
,"/Users/jason.carty/code/node/booking-system/src/interceptors/timeout.interceptor.ts": {"path":"/Users/jason.carty/code/node/booking-system/src/interceptors/timeout.interceptor.ts","statementMap":{"0":{"start":{"line":1,"column":0},"end":{"line":1,"column":null}},"1":{"start":{"line":8,"column":0},"end":{"line":8,"column":41}},"2":{"start":{"line":11,"column":0},"end":{"line":15,"column":null}},"3":{"start":{"line":13,"column":4},"end":{"line":13,"column":46}},"4":{"start":{"line":11,"column":13},"end":{"line":15,"column":null}},"5":{"start":{"line":11,"column":13},"end":{"line":11,"column":31}}},"fnMap":{"0":{"name":"(anonymous_1)","decl":{"start":{"line":12,"column":2},"end":{"line":12,"column":11}},"loc":{"start":{"line":12,"column":56},"end":{"line":14,"column":3}}}},"branchMap":{},"s":{"0":3,"1":3,"2":3,"3":1,"4":3,"5":3},"f":{"0":1},"b":{}}
,"/Users/jason.carty/code/node/booking-system/src/mocks/index.ts": {"path":"/Users/jason.carty/code/node/booking-system/src/mocks/index.ts","statementMap":{"0":{"start":{"line":3,"column":0},"end":{"line":3,"column":38}},"1":{"start":{"line":9,"column":13},"end":{"line":11,"column":2}},"2":{"start":{"line":13,"column":13},"end":{"line":27,"column":2}},"3":{"start":{"line":29,"column":13},"end":{"line":32,"column":31}},"4":{"start":{"line":34,"column":13},"end":{"line":37,"column":36}},"5":{"start":{"line":39,"column":13},"end":{"line":41,"column":34}},"6":{"start":{"line":40,"column":25},"end":{"line":40,"column":40}},"7":{"start":{"line":43,"column":13},"end":{"line":47,"column":24}},"8":{"start":{"line":49,"column":13},"end":{"line":51,"column":20}},"9":{"start":{"line":53,"column":13},"end":{"line":53,"column":71}},"10":{"start":{"line":55,"column":13},"end":{"line":57,"column":40}},"11":{"start":{"line":59,"column":13},"end":{"line":66,"column":34}}},"fnMap":{"0":{"name":"(anonymous_0)","decl":{"start":{"line":40,"column":15},"end":{"line":40,"column":22}},"loc":{"start":{"line":40,"column":25},"end":{"line":40,"column":40}}}},"branchMap":{},"s":{"0":8,"1":8,"2":8,"3":8,"4":8,"5":8,"6":3,"7":8,"8":8,"9":8,"10":8,"11":8},"f":{"0":3},"b":{}}
,"/Users/jason.carty/code/node/booking-system/src/proto/errorCode.enum.ts": {"path":"/Users/jason.carty/code/node/booking-system/src/proto/errorCode.enum.ts","statementMap":{"0":{"start":{"line":1,"column":0},"end":{"line":1,"column":null}},"1":{"start":{"line":2,"column":2},"end":{"line":2,"column":null}},"2":{"start":{"line":3,"column":2},"end":{"line":3,"column":null}},"3":{"start":{"line":4,"column":2},"end":{"line":4,"column":null}},"4":{"start":{"line":5,"column":2},"end":{"line":5,"column":null}},"5":{"start":{"line":6,"column":2},"end":{"line":6,"column":null}},"6":{"start":{"line":7,"column":2},"end":{"line":7,"column":null}},"7":{"start":{"line":8,"column":2},"end":{"line":8,"column":null}},"8":{"start":{"line":9,"column":2},"end":{"line":9,"column":null}},"9":{"start":{"line":10,"column":2},"end":{"line":10,"column":null}},"10":{"start":{"line":11,"column":2},"end":{"line":11,"column":null}},"11":{"start":{"line":12,"column":2},"end":{"line":12,"column":null}}},"fnMap":{"0":{"name":"(anonymous_0)","decl":{"start":{"line":1,"column":0},"end":{"line":1,"column":12}},"loc":{"start":{"line":1,"column":21},"end":{"line":13,"column":1}}}},"branchMap":{"0":{"loc":{"start":{"line":1,"column":12},"end":{"line":1,"column":21}},"type":"binary-expr","locations":[{"start":{"line":1,"column":12},"end":{"line":1,"column":21}},{"start":{"line":1,"column":12},"end":{"line":1,"column":null}}]}},"s":{"0":14,"1":14,"2":14,"3":14,"4":14,"5":14,"6":14,"7":14,"8":14,"9":14,"10":14,"11":14},"f":{"0":14},"b":{"0":[14,14]}}
,"/Users/jason.carty/code/node/booking-system/src/proto/exceptionDictionary.dto.ts": {"path":"/Users/jason.carty/code/node/booking-system/src/proto/exceptionDictionary.dto.ts","statementMap":{"0":{"start":{"line":1,"column":0},"end":{"line":1,"column":44}},"1":{"start":{"line":2,"column":0},"end":{"line":2,"column":61}},"2":{"start":{"line":3,"column":0},"end":{"line":3,"column":45}},"3":{"start":{"line":5,"column":17},"end":{"line":11,"column":1}},"4":{"start":{"line":10,"column":2},"end":{"line":10,"column":57}},"5":{"start":{"line":13,"column":13},"end":{"line":69,"column":2}}},"fnMap":{"0":{"name":"(anonymous_0)","decl":{"start":{"line":5,"column":17},"end":{"line":5,"column":null}},"loc":{"start":{"line":9,"column":21},"end":{"line":11,"column":1}}}},"branchMap":{},"s":{"0":14,"1":14,"2":14,"3":14,"4":154,"5":14},"f":{"0":154},"b":{}}
,"/Users/jason.carty/code/node/booking-system/src/proto/index.ts": {"path":"/Users/jason.carty/code/node/booking-system/src/proto/index.ts","statementMap":{"0":{"start":{"line":1,"column":0},"end":{"line":1,"column":9}},"1":{"start":{"line":1,"column":9},"end":{"line":1,"column":64}},"2":{"start":{"line":2,"column":0},"end":{"line":2,"column":9}},"3":{"start":{"line":2,"column":9},"end":{"line":2,"column":45}},"4":{"start":{"line":6,"column":0},"end":{"line":6,"column":9}},"5":{"start":{"line":6,"column":9},"end":{"line":6,"column":43}}},"fnMap":{},"branchMap":{},"s":{"0":14,"1":14,"2":14,"3":14,"4":14,"5":14},"f":{},"b":{}}
,"/Users/jason.carty/code/node/booking-system/src/proto/userRole.enum.ts": {"path":"/Users/jason.carty/code/node/booking-system/src/proto/userRole.enum.ts","statementMap":{"0":{"start":{"line":1,"column":0},"end":{"line":1,"column":null}},"1":{"start":{"line":2,"column":2},"end":{"line":2,"column":null}},"2":{"start":{"line":3,"column":2},"end":{"line":3,"column":null}}},"fnMap":{"0":{"name":"(anonymous_0)","decl":{"start":{"line":1,"column":0},"end":{"line":1,"column":12}},"loc":{"start":{"line":1,"column":20},"end":{"line":4,"column":1}}}},"branchMap":{"0":{"loc":{"start":{"line":1,"column":12},"end":{"line":1,"column":20}},"type":"binary-expr","locations":[{"start":{"line":1,"column":12},"end":{"line":1,"column":20}},{"start":{"line":1,"column":12},"end":{"line":1,"column":null}}]}},"s":{"0":14,"1":14,"2":14},"f":{"0":14},"b":{"0":[14,14]}}
,"/Users/jason.carty/code/node/booking-system/src/utils/IsStrongPassword.ts": {"path":"/Users/jason.carty/code/node/booking-system/src/utils/IsStrongPassword.ts","statementMap":{"0":{"start":{"line":1,"column":0},"end":{"line":1,"column":84}},"1":{"start":{"line":3,"column":14},"end":{"line":8,"column":2}},"2":{"start":{"line":11,"column":0},"end":{"line":26,"column":null}},"3":{"start":{"line":13,"column":17},"end":{"line":13,"column":21}},"4":{"start":{"line":14,"column":4},"end":{"line":19,"column":null}},"5":{"start":{"line":14,"column":17},"end":{"line":14,"column":18}},"6":{"start":{"line":15,"column":6},"end":{"line":18,"column":null}},"7":{"start":{"line":16,"column":8},"end":{"line":16,"column":23}},"8":{"start":{"line":17,"column":8},"end":{"line":17,"column":14}},"9":{"start":{"line":20,"column":4},"end":{"line":20,"column":18}},"10":{"start":{"line":24,"column":4},"end":{"line":24,"column":50}},"11":{"start":{"line":11,"column":13},"end":{"line":26,"column":null}},"12":{"start":{"line":11,"column":13},"end":{"line":11,"column":29}}},"fnMap":{"0":{"name":"(anonymous_1)","decl":{"start":{"line":12,"column":2},"end":{"line":12,"column":10}},"loc":{"start":{"line":12,"column":27},"end":{"line":21,"column":3}}},"1":{"name":"(anonymous_2)","decl":{"start":{"line":23,"column":2},"end":{"line":23,"column":16}},"loc":{"start":{"line":23,"column":16},"end":{"line":25,"column":3}}}},"branchMap":{"0":{"loc":{"start":{"line":15,"column":6},"end":{"line":18,"column":null}},"type":"if","locations":[{"start":{"line":15,"column":6},"end":{"line":18,"column":null}},{"start":{"line":15,"column":6},"end":{"line":18,"column":null}}]}},"s":{"0":5,"1":5,"2":5,"3":4,"4":4,"5":4,"6":12,"7":3,"8":3,"9":4,"10":1,"11":5,"12":5},"f":{"0":4,"1":1},"b":{"0":[3,9]}}
,"/Users/jason.carty/code/node/booking-system/src/utils/createAuthToken.ts": {"path":"/Users/jason.carty/code/node/booking-system/src/utils/createAuthToken.ts","statementMap":{"0":{"start":{"line":1,"column":0},"end":{"line":1,"column":36}},"1":{"start":{"line":3,"column":0},"end":{"line":3,"column":59}},"2":{"start":{"line":5,"column":13},"end":{"line":11,"column":2}},"3":{"start":{"line":5,"column":72},"end":{"line":11,"column":2}},"4":{"start":{"line":6,"column":24},"end":{"line":6,"column":43}},"5":{"start":{"line":7,"column":20},"end":{"line":7,"column":24}},"6":{"start":{"line":8,"column":2},"end":{"line":10,"column":5}}},"fnMap":{"0":{"name":"(anonymous_6)","decl":{"start":{"line":5,"column":31},"end":{"line":5,"column":38}},"loc":{"start":{"line":5,"column":72},"end":{"line":11,"column":2}}},"1":{"name":"(anonymous_7)","decl":{"start":{"line":5,"column":72},"end":{"line":5,"column":null}},"loc":{"start":{"line":5,"column":72},"end":{"line":11,"column":1}}}},"branchMap":{},"s":{"0":8,"1":8,"2":8,"3":2,"4":2,"5":2,"6":2},"f":{"0":2,"1":2},"b":{}}
,"/Users/jason.carty/code/node/booking-system/src/utils/customException.ts": {"path":"/Users/jason.carty/code/node/booking-system/src/utils/customException.ts","statementMap":{"0":{"start":{"line":10,"column":4},"end":{"line":10,"column":12}},"1":{"start":{"line":6,"column":20},"end":{"line":6,"column":35}},"2":{"start":{"line":7,"column":20},"end":{"line":7,"column":38}},"3":{"start":{"line":8,"column":20},"end":{"line":8,"column":40}},"4":{"start":{"line":4,"column":0},"end":{"line":4,"column":13}}},"fnMap":{"0":{"name":"(anonymous_0)","decl":{"start":{"line":5,"column":2},"end":{"line":5,"column":null}},"loc":{"start":{"line":8,"column":40},"end":{"line":11,"column":3}}}},"branchMap":{},"s":{"0":156,"1":156,"2":156,"3":156,"4":14},"f":{"0":156},"b":{}}
,"/Users/jason.carty/code/node/booking-system/src/utils/extractToken.ts": {"path":"/Users/jason.carty/code/node/booking-system/src/utils/extractToken.ts","statementMap":{"0":{"start":{"line":1,"column":13},"end":{"line":6,"column":2}},"1":{"start":{"line":2,"column":2},"end":{"line":4,"column":null}},"2":{"start":{"line":3,"column":4},"end":{"line":3,"column":50}},"3":{"start":{"line":5,"column":2},"end":{"line":5,"column":14}}},"fnMap":{"0":{"name":"(anonymous_0)","decl":{"start":{"line":1,"column":28},"end":{"line":1,"column":29}},"loc":{"start":{"line":1,"column":59},"end":{"line":6,"column":1}}}},"branchMap":{"0":{"loc":{"start":{"line":2,"column":2},"end":{"line":4,"column":null}},"type":"if","locations":[{"start":{"line":2,"column":2},"end":{"line":4,"column":null}},{"start":{"line":2,"column":2},"end":{"line":4,"column":null}}]}},"s":{"0":9,"1":4,"2":3,"3":1},"f":{"0":4},"b":{"0":[3,1]}}
,"/Users/jason.carty/code/node/booking-system/src/utils/httpExceptionFilter.ts": {"path":"/Users/jason.carty/code/node/booking-system/src/utils/httpExceptionFilter.ts","statementMap":{"0":{"start":{"line":1,"column":0},"end":{"line":1,"column":71}},"1":{"start":{"line":3,"column":0},"end":{"line":3,"column":52}},"2":{"start":{"line":4,"column":0},"end":{"line":4,"column":37}},"3":{"start":{"line":7,"column":0},"end":{"line":31,"column":null}},"4":{"start":{"line":9,"column":16},"end":{"line":9,"column":35}},"5":{"start":{"line":10,"column":16},"end":{"line":10,"column":43}},"6":{"start":{"line":11,"column":16},"end":{"line":11,"column":41}},"7":{"start":{"line":12,"column":24},"end":{"line":12,"column":29}},"8":{"start":{"line":14,"column":6},"end":{"line":14,"column":76}},"9":{"start":{"line":16,"column":22},"end":{"line":16,"column":32}},"10":{"start":{"line":17,"column":4},"end":{"line":21,"column":6}},"11":{"start":{"line":22,"column":4},"end":{"line":22,"column":23}},"12":{"start":{"line":24,"column":4},"end":{"line":29,"column":7}},"13":{"start":{"line":7,"column":13},"end":{"line":31,"column":null}},"14":{"start":{"line":7,"column":13},"end":{"line":7,"column":32}}},"fnMap":{"0":{"name":"(anonymous_1)","decl":{"start":{"line":8,"column":2},"end":{"line":8,"column":7}},"loc":{"start":{"line":8,"column":41},"end":{"line":30,"column":3}}}},"branchMap":{"0":{"loc":{"start":{"line":14,"column":41},"end":{"line":14,"column":56}},"type":"cond-expr","locations":[{"start":{"line":14,"column":41},"end":{"line":14,"column":56}},{"start":{"line":14,"column":59},"end":{"line":14,"column":76}}]}},"s":{"0":9,"1":9,"2":9,"3":9,"4":2,"5":2,"6":2,"7":2,"8":2,"9":2,"10":2,"11":2,"12":2,"13":9,"14":9},"f":{"0":2},"b":{"0":[1,1]}}
,"/Users/jason.carty/code/node/booking-system/src/utils/index.ts": {"path":"/Users/jason.carty/code/node/booking-system/src/utils/index.ts","statementMap":{"0":{"start":{"line":1,"column":0},"end":{"line":1,"column":9}},"1":{"start":{"line":1,"column":9},"end":{"line":1,"column":52}},"2":{"start":{"line":2,"column":0},"end":{"line":2,"column":9}},"3":{"start":{"line":2,"column":9},"end":{"line":2,"column":46}},"4":{"start":{"line":3,"column":0},"end":{"line":3,"column":9}},"5":{"start":{"line":3,"column":9},"end":{"line":3,"column":60}},"6":{"start":{"line":4,"column":0},"end":{"line":4,"column":9}},"7":{"start":{"line":4,"column":9},"end":{"line":4,"column":50}},"8":{"start":{"line":5,"column":0},"end":{"line":5,"column":9}},"9":{"start":{"line":5,"column":9},"end":{"line":5,"column":44}},"10":{"start":{"line":6,"column":0},"end":{"line":6,"column":9}},"11":{"start":{"line":6,"column":9},"end":{"line":6,"column":52}}},"fnMap":{},"branchMap":{},"s":{"0":8,"1":8,"2":8,"3":8,"4":8,"5":8,"6":8,"7":8,"8":8,"9":8,"10":8,"11":8},"f":{},"b":{}}
,"/Users/jason.carty/code/node/booking-system/src/utils/validationPipe.ts": {"path":"/Users/jason.carty/code/node/booking-system/src/utils/validationPipe.ts","statementMap":{"0":{"start":{"line":1,"column":0},"end":{"line":1,"column":77}},"1":{"start":{"line":2,"column":0},"end":{"line":2,"column":43}},"2":{"start":{"line":3,"column":0},"end":{"line":3,"column":49}},"3":{"start":{"line":4,"column":0},"end":{"line":4,"column":31}},"4":{"start":{"line":5,"column":0},"end":{"line":5,"column":49}},"5":{"start":{"line":8,"column":0},"end":{"line":41,"column":null}},"6":{"start":{"line":25,"column":10},"end":{"line":28,"column":4}},"7":{"start":{"line":10,"column":4},"end":{"line":12,"column":null}},"8":{"start":{"line":11,"column":6},"end":{"line":11,"column":19}},"9":{"start":{"line":14,"column":19},"end":{"line":14,"column":48}},"10":{"start":{"line":15,"column":19},"end":{"line":15,"column":41}},"11":{"start":{"line":16,"column":4},"end":{"line":21,"column":null}},"12":{"start":{"line":17,"column":6},"end":{"line":19,"column":null}},"13":{"start":{"line":18,"column":8},"end":{"line":18,"column":49}},"14":{"start":{"line":20,"column":6},"end":{"line":20,"column":49}},"15":{"start":{"line":22,"column":4},"end":{"line":22,"column":17}},"16":{"start":{"line":31,"column":21},"end":{"line":31,"column":38}},"17":{"start":{"line":33,"column":6},"end":{"line":33,"column":83}},"18":{"start":{"line":34,"column":4},"end":{"line":34,"column":16}},"19":{"start":{"line":38,"column":30},"end":{"line":38,"column":70}},"20":{"start":{"line":39,"column":4},"end":{"line":39,"column":37}},"21":{"start":{"line":8,"column":13},"end":{"line":41,"column":null}},"22":{"start":{"line":8,"column":13},"end":{"line":8,"column":27}}},"fnMap":{"0":{"name":"(anonymous_7)","decl":{"start":{"line":7,"column":0},"end":{"line":7,"column":1}},"loc":{"start":{"line":7,"column":0},"end":{"line":41,"column":1}}},"1":{"name":"(anonymous_8)","decl":{"start":{"line":9,"column":8},"end":{"line":9,"column":17}},"loc":{"start":{"line":9,"column":60},"end":{"line":23,"column":null}}},"2":{"name":"(anonymous_10)","decl":{"start":{"line":30,"column":10},"end":{"line":30,"column":22}},"loc":{"start":{"line":30,"column":32},"end":{"line":35,"column":3}}},"3":{"name":"(anonymous_11)","decl":{"start":{"line":37,"column":10},"end":{"line":37,"column":20}},"loc":{"start":{"line":37,"column":39},"end":{"line":40,"column":3}}}},"branchMap":{"0":{"loc":{"start":{"line":10,"column":4},"end":{"line":12,"column":null}},"type":"if","locations":[{"start":{"line":10,"column":4},"end":{"line":12,"column":null}},{"start":{"line":10,"column":4},"end":{"line":12,"column":null}}]},"1":{"loc":{"start":{"line":10,"column":8},"end":{"line":10,"column":17}},"type":"binary-expr","locations":[{"start":{"line":10,"column":8},"end":{"line":10,"column":17}},{"start":{"line":10,"column":21},"end":{"line":10,"column":47}}]},"2":{"loc":{"start":{"line":16,"column":4},"end":{"line":21,"column":null}},"type":"if","locations":[{"start":{"line":16,"column":4},"end":{"line":21,"column":null}},{"start":{"line":16,"column":4},"end":{"line":21,"column":null}}]},"3":{"loc":{"start":{"line":17,"column":6},"end":{"line":19,"column":null}},"type":"if","locations":[{"start":{"line":17,"column":6},"end":{"line":19,"column":null}},{"start":{"line":17,"column":6},"end":{"line":19,"column":null}}]},"4":{"loc":{"start":{"line":33,"column":6},"end":{"line":33,"column":43}},"type":"binary-expr","locations":[{"start":{"line":33,"column":6},"end":{"line":33,"column":43}},{"start":{"line":33,"column":47},"end":{"line":33,"column":83}}]}},"s":{"0":9,"1":9,"2":9,"3":9,"4":9,"5":9,"6":7,"7":7,"8":2,"9":5,"10":5,"11":5,"12":4,"13":2,"14":2,"15":1,"16":4,"17":2,"18":2,"19":6,"20":6,"21":9,"22":9},"f":{"0":7,"1":7,"2":4,"3":6},"b":{"0":[2,5],"1":[7,6],"2":[4,1],"3":[2,2],"4":[2,1]}}
,"/Users/jason.carty/code/node/booking-system/src/utils/verifyToken.ts": {"path":"/Users/jason.carty/code/node/booking-system/src/utils/verifyToken.ts","statementMap":{"0":{"start":{"line":2,"column":0},"end":{"line":2,"column":59}},"1":{"start":{"line":3,"column":0},"end":{"line":3,"column":38}},"2":{"start":{"line":5,"column":13},"end":{"line":8,"column":2}},"3":{"start":{"line":6,"column":24},"end":{"line":6,"column":43}},"4":{"start":{"line":7,"column":2},"end":{"line":7,"column":73}}},"fnMap":{"0":{"name":"(anonymous_0)","decl":{"start":{"line":5,"column":27},"end":{"line":5,"column":28}},"loc":{"start":{"line":5,"column":57},"end":{"line":8,"column":1}}}},"branchMap":{},"s":{"0":9,"1":9,"2":9,"3":1,"4":1},"f":{"0":1},"b":{}}
}
