TN:
SF:/Users/jason.carty/code/node/booking-system/scripts/colours.enum.ts
FN:1,(anonymous_0)
FNF:1
FNH:1
FNDA:3,(anonymous_0)
DA:1,3
DA:2,3
DA:3,3
DA:4,3
LF:4
LH:4
BRDA:1,0,0,3
BRDA:1,0,1,3
BRF:2
BRH:2
end_of_record
TN:
SF:/Users/jason.carty/code/node/booking-system/scripts/connectToDBasPG.ts
FN:3,(anonymous_0)
FNF:1
FNH:1
FNDA:2,(anonymous_0)
DA:1,3
DA:3,3
DA:4,2
DA:5,2
LF:4
LH:4
BRF:0
BRH:0
end_of_record
TN:
SF:/Users/jason.carty/code/node/booking-system/scripts/dropTestDB.ts
FN:6,(anonymous_6)
FN:6,(anonymous_7)
FNF:2
FNH:2
FNDA:3,(anonymous_6)
FNDA:3,(anonymous_7)
DA:1,1
DA:2,1
DA:3,1
DA:4,1
DA:6,3
DA:7,3
DA:8,3
DA:9,3
DA:10,2
DA:11,2
DA:13,1
DA:14,1
DA:17,2
DA:18,2
DA:21,1
LF:15
LH:15
BRF:0
BRH:0
end_of_record
TN:
SF:/Users/jason.carty/code/node/booking-system/scripts/echoMessage.ts
FN:4,(anonymous_0)
FNF:1
FNH:1
FNDA:1,(anonymous_0)
DA:2,1
DA:4,1
DA:5,1
DA:6,1
DA:7,1
LF:5
LH:5
BRF:0
BRH:0
end_of_record
TN:
SF:/Users/jason.carty/code/node/booking-system/scripts/getDBConfig.ts
FN:6,(anonymous_0)
FNF:1
FNH:1
FNDA:3,(anonymous_0)
DA:2,2
DA:3,2
DA:4,2
DA:6,2
DA:7,3
DA:8,3
DA:9,1
DA:12,3
DA:13,3
DA:20,3
DA:22,3
LF:11
LH:11
BRDA:8,0,0,1
BRDA:8,0,1,2
BRF:2
BRH:2
end_of_record
TN:
SF:/Users/jason.carty/code/node/booking-system/scripts/getSeedScripts.ts
FN:5,(anonymous_6)
FN:5,(anonymous_7)
FN:10,(anonymous_8)
FN:10,(anonymous_9)
FNF:4
FNH:4
FNDA:12,(anonymous_6)
FNDA:12,(anonymous_7)
FNDA:4,(anonymous_8)
FNDA:4,(anonymous_9)
DA:1,1
DA:5,12
DA:6,12
DA:7,12
DA:10,4
DA:11,4
LF:6
LH:6
BRF:0
BRH:0
end_of_record
TN:
SF:/Users/jason.carty/code/node/booking-system/scripts/prepareTestDatabase.ts
FN:11,(anonymous_6)
FN:13,(anonymous_7)
FN:13,(anonymous_8)
FN:21,(anonymous_9)
FN:24,(anonymous_10)
FN:41,(anonymous_11)
FN:41,(anonymous_12)
FN:51,(anonymous_13)
FN:51,(anonymous_14)
FN:65,(anonymous_15)
FN:65,(anonymous_16)
FNF:11
FNH:11
FNDA:2,(anonymous_6)
FNDA:2,(anonymous_7)
FNDA:2,(anonymous_8)
FNDA:4,(anonymous_9)
FNDA:4,(anonymous_10)
FNDA:3,(anonymous_11)
FNDA:3,(anonymous_12)
FNDA:1,(anonymous_13)
FNDA:1,(anonymous_14)
FNDA:1,(anonymous_15)
FNDA:1,(anonymous_16)
DA:1,1
DA:2,1
DA:3,1
DA:5,1
DA:6,1
DA:7,1
DA:8,1
DA:9,1
DA:11,2
DA:13,2
DA:14,2
DA:15,2
DA:16,2
DA:17,2
DA:18,2
DA:21,1
DA:24,4
DA:25,4
DA:26,4
DA:27,2
DA:28,2
DA:30,2
DA:31,1
DA:32,1
DA:33,1
DA:34,1
DA:35,1
DA:36,1
DA:41,3
DA:42,3
DA:43,3
DA:44,9
DA:45,9
DA:46,6
DA:51,1
DA:52,1
DA:53,1
DA:65,1
DA:66,1
DA:67,1
DA:68,1
DA:69,1
DA:70,1
DA:71,1
DA:72,1
DA:73,1
DA:74,1
DA:75,1
DA:78,1
LF:49
LH:49
BRDA:30,0,0,1
BRDA:30,0,1,1
BRDA:45,1,0,6
BRDA:45,1,1,3
BRF:4
BRH:4
end_of_record
TN:
SF:/Users/jason.carty/code/node/booking-system/src/app.module.ts
FN:17,(anonymous_8)
FN:87,(anonymous_9)
FN:29,(anonymous_10)
FN:29,(anonymous_11)
FN:43,(anonymous_12)
FN:43,(anonymous_13)
FNF:6
FNH:2
FNDA:2,(anonymous_8)
FNDA:1,(anonymous_9)
FNDA:0,(anonymous_10)
FNDA:0,(anonymous_11)
FNDA:0,(anonymous_12)
FNDA:0,(anonymous_13)
DA:1,2
DA:2,2
DA:3,2
DA:4,2
DA:5,2
DA:6,2
DA:8,2
DA:9,2
DA:10,2
DA:11,2
DA:12,2
DA:13,2
DA:14,2
DA:15,2
DA:17,2
DA:18,2
DA:29,0
DA:43,0
DA:86,2
DA:87,1
LF:20
LH:18
BRDA:19,0,0,1
BRDA:19,0,1,1
BRF:2
BRH:2
end_of_record
TN:
SF:/Users/jason.carty/code/node/booking-system/src/main.ts
FN:4,bootstrap
FNF:1
FNH:1
FNDA:2,bootstrap
DA:1,1
DA:2,1
DA:4,1
DA:5,2
DA:6,2
DA:8,1
LF:6
LH:6
BRF:0
BRH:0
end_of_record
TN:
SF:/Users/jason.carty/code/node/booking-system/src/Repositories/user.entity.ts
FNF:0
FNH:0
DA:1,10
DA:9,10
DA:11,10
DA:14,10
DA:16,10
DA:21,10
DA:33,10
DA:38,10
DA:44,10
DA:49,10
DA:55,10
DA:60,10
DA:66,10
DA:71,10
DA:78,10
DA:81,10
DA:84,10
LF:17
LH:17
BRF:0
BRH:0
end_of_record
TN:
SF:/Users/jason.carty/code/node/booking-system/src/components/Admin/admin.controller.ts
FN:9,(anonymous_4)
FN:12,(anonymous_5)
FN:17,(anonymous_6)
FN:22,(anonymous_7)
FN:27,(anonymous_8)
FN:32,(anonymous_9)
FNF:6
FNH:6
FNDA:5,(anonymous_4)
FNDA:1,(anonymous_5)
FNDA:1,(anonymous_6)
FNDA:1,(anonymous_7)
FNDA:1,(anonymous_8)
FNDA:1,(anonymous_9)
DA:1,4
DA:3,4
DA:5,4
DA:8,4
DA:9,5
DA:12,4
DA:13,1
DA:17,4
DA:18,1
DA:22,4
DA:23,1
DA:27,4
DA:28,1
DA:32,4
DA:33,1
LF:15
LH:15
BRF:0
BRH:0
end_of_record
TN:
SF:/Users/jason.carty/code/node/booking-system/src/components/Admin/admin.module.ts
FNF:0
FNH:0
DA:1,3
DA:2,3
DA:4,3
DA:5,3
DA:6,3
DA:7,3
DA:15,3
LF:7
LH:7
BRF:0
BRH:0
end_of_record
TN:
SF:/Users/jason.carty/code/node/booking-system/src/components/Admin/admin.service.ts
FN:15,(anonymous_10)
FN:21,(anonymous_11)
FN:33,(anonymous_13)
FN:41,(anonymous_15)
FN:57,(anonymous_17)
FN:65,(anonymous_18)
FN:77,(anonymous_20)
FNF:7
FNH:7
FNDA:17,(anonymous_10)
FNDA:7,(anonymous_11)
FNDA:2,(anonymous_13)
FNDA:2,(anonymous_15)
FNDA:3,(anonymous_17)
FNDA:3,(anonymous_18)
FNDA:1,(anonymous_20)
DA:3,5
DA:4,5
DA:5,5
DA:6,5
DA:8,5
DA:9,5
DA:10,5
DA:14,5
DA:17,17
DA:18,17
DA:22,7
DA:23,7
DA:24,6
DA:25,5
DA:27,1
DA:29,2
DA:34,2
DA:42,2
DA:48,2
DA:49,2
DA:51,1
DA:53,1
DA:54,1
DA:58,3
DA:59,3
DA:61,1
DA:66,3
DA:67,2
DA:68,2
DA:69,2
DA:70,2
DA:71,1
DA:73,1
DA:78,1
DA:79,1
LF:35
LH:35
BRDA:24,0,0,5
BRDA:24,0,1,1
BRF:2
BRH:2
end_of_record
TN:
SF:/Users/jason.carty/code/node/booking-system/src/components/Admin/dto/index.ts
FNF:0
FNH:0
DA:1,4
DA:2,4
LF:2
LH:2
BRF:0
BRH:0
end_of_record
TN:
SF:/Users/jason.carty/code/node/booking-system/src/components/Admin/dto/user.update.dto.ts
FNF:0
FNH:0
DA:1,4
DA:2,4
DA:4,4
DA:7,4
DA:11,4
DA:14,4
LF:6
LH:6
BRF:0
BRH:0
end_of_record
TN:
SF:/Users/jason.carty/code/node/booking-system/src/components/AppMailer/appMailer.module.ts
FNF:0
FNH:0
DA:1,3
DA:3,3
DA:9,3
LF:3
LH:3
BRF:0
BRH:0
end_of_record
TN:
SF:/Users/jason.carty/code/node/booking-system/src/components/AppMailer/appMailer.service.ts
FN:8,(anonymous_8)
FN:12,(anonymous_9)
FN:16,(anonymous_10)
FNF:3
FNH:3
FNDA:3,(anonymous_8)
FNDA:2,(anonymous_9)
FNDA:2,(anonymous_10)
DA:1,11
DA:2,11
DA:3,11
DA:6,11
DA:8,3
DA:9,3
DA:13,2
DA:21,2
LF:8
LH:8
BRF:0
BRH:0
end_of_record
TN:
SF:/Users/jason.carty/code/node/booking-system/src/components/Auth/auth.controller.ts
FN:8,(anonymous_4)
FN:11,(anonymous_5)
FNF:2
FNH:2
FNDA:1,(anonymous_4)
FNDA:1,(anonymous_5)
DA:1,3
DA:3,3
DA:4,3
DA:7,3
DA:8,1
DA:11,3
DA:14,1
LF:7
LH:7
BRF:0
BRH:0
end_of_record
TN:
SF:/Users/jason.carty/code/node/booking-system/src/components/Auth/auth.module.ts
FNF:0
FNH:0
DA:1,2
DA:3,2
DA:4,2
DA:5,2
DA:13,2
LF:5
LH:5
BRF:0
BRH:0
end_of_record
TN:
SF:/Users/jason.carty/code/node/booking-system/src/components/Auth/auth.service.ts
FN:10,(anonymous_8)
FN:12,(anonymous_9)
FN:16,(anonymous_11)
FN:24,(anonymous_13)
FN:28,(anonymous_15)
FNF:5
FNH:5
FNDA:23,(anonymous_8)
FNDA:2,(anonymous_9)
FNDA:3,(anonymous_11)
FNDA:1,(anonymous_13)
FNDA:2,(anonymous_15)
DA:1,4
DA:3,4
DA:4,4
DA:5,4
DA:6,4
DA:9,4
DA:10,23
DA:13,2
DA:17,3
DA:18,3
DA:19,2
DA:21,1
DA:25,1
DA:30,2
DA:31,2
DA:33,1
DA:35,1
LF:17
LH:17
BRDA:18,0,0,2
BRDA:18,0,1,1
BRDA:18,1,0,3
BRDA:18,1,1,2
BRF:4
BRH:4
end_of_record
TN:
SF:/Users/jason.carty/code/node/booking-system/src/components/Auth/dto/authentication.create.dto.ts
FNF:0
FNH:0
DA:1,3
DA:3,3
DA:6,3
DA:9,3
LF:4
LH:4
BRF:0
BRH:0
end_of_record
TN:
SF:/Users/jason.carty/code/node/booking-system/src/components/Auth/dto/index.ts
FNF:0
FNH:0
DA:1,3
LF:1
LH:1
BRF:0
BRH:0
end_of_record
TN:
SF:/Users/jason.carty/code/node/booking-system/src/components/User/user.controller.ts
FN:10,(anonymous_4)
FN:13,(anonymous_5)
FN:18,(anonymous_6)
FN:26,(anonymous_7)
FN:31,(anonymous_8)
FNF:5
FNH:5
FNDA:4,(anonymous_4)
FNDA:1,(anonymous_5)
FNDA:1,(anonymous_6)
FNDA:1,(anonymous_7)
FNDA:1,(anonymous_8)
DA:1,3
DA:4,3
DA:6,3
DA:9,3
DA:10,4
DA:13,3
DA:14,1
DA:18,3
DA:22,1
DA:26,3
DA:27,1
DA:31,3
DA:35,1
LF:13
LH:13
BRF:0
BRH:0
end_of_record
TN:
SF:/Users/jason.carty/code/node/booking-system/src/components/User/user.module.ts
FNF:0
FNH:0
DA:1,2
DA:2,2
DA:4,2
DA:5,2
DA:6,2
DA:7,2
DA:15,2
LF:7
LH:7
BRF:0
BRH:0
end_of_record
TN:
SF:/Users/jason.carty/code/node/booking-system/src/components/User/user.service.ts
FN:18,(anonymous_10)
FN:24,(anonymous_11)
FN:36,(anonymous_13)
FN:49,(anonymous_15)
FN:62,(anonymous_17)
FN:74,(anonymous_19)
FN:101,(anonymous_21)
FN:131,(anonymous_23)
FN:136,(anonymous_25)
FNF:9
FNH:9
FNDA:47,(anonymous_10)
FNDA:7,(anonymous_11)
FNDA:4,(anonymous_13)
FNDA:6,(anonymous_15)
FNDA:4,(anonymous_17)
FNDA:3,(anonymous_19)
FNDA:4,(anonymous_21)
FNDA:2,(anonymous_23)
FNDA:3,(anonymous_25)
DA:3,7
DA:4,7
DA:5,7
DA:6,7
DA:7,7
DA:9,7
DA:10,7
DA:11,7
DA:13,7
DA:17,7
DA:20,47
DA:21,47
DA:25,7
DA:26,7
DA:27,6
DA:28,5
DA:30,1
DA:32,2
DA:37,4
DA:40,4
DA:41,4
DA:43,1
DA:46,3
DA:50,6
DA:56,6
DA:57,4
DA:59,2
DA:63,4
DA:64,3
DA:65,3
DA:66,3
DA:67,3
DA:68,2
DA:70,1
DA:75,3
DA:76,3
DA:77,3
DA:78,3
DA:80,3
DA:81,3
DA:86,2
DA:91,1
DA:105,4
DA:111,4
DA:112,1
DA:115,3
DA:120,3
DA:121,3
DA:123,3
DA:124,3
DA:125,2
DA:127,1
DA:132,2
DA:133,2
DA:137,3
DA:138,2
DA:139,1
DA:140,1
DA:141,1
DA:147,1
LF:60
LH:60
BRDA:27,0,0,5
BRDA:27,0,1,1
BRDA:56,1,0,4
BRDA:56,1,1,2
BRDA:111,2,0,1
BRDA:111,2,1,3
BRDA:138,3,0,1
BRDA:138,3,1,1
BRF:8
BRH:8
end_of_record
TN:
SF:/Users/jason.carty/code/node/booking-system/src/components/User/dto/index.ts
FNF:0
FNH:0
DA:1,3
DA:2,3
DA:3,3
LF:3
LH:3
BRF:0
BRH:0
end_of_record
TN:
SF:/Users/jason.carty/code/node/booking-system/src/components/User/dto/user.confirm.account.dto.ts
FNF:0
FNH:0
DA:1,3
DA:2,3
DA:4,3
DA:6,3
DA:11,3
LF:5
LH:5
BRF:0
BRH:0
end_of_record
TN:
SF:/Users/jason.carty/code/node/booking-system/src/components/User/dto/user.confirm.request.dto.ts
FNF:0
FNH:0
DA:1,3
DA:3,3
DA:5,3
LF:3
LH:3
BRF:0
BRH:0
end_of_record
TN:
SF:/Users/jason.carty/code/node/booking-system/src/components/User/dto/user.create.dto.ts
FNF:0
FNH:0
DA:1,4
DA:3,4
DA:5,4
DA:8,4
LF:4
LH:4
BRF:0
BRH:0
end_of_record
TN:
SF:/Users/jason.carty/code/node/booking-system/src/components/User/dto/user.update.dto.ts
FNF:0
FNH:0
DA:1,3
DA:2,3
DA:4,3
DA:7,3
DA:11,3
DA:17,3
LF:6
LH:6
BRF:0
BRH:0
end_of_record
TN:
SF:/Users/jason.carty/code/node/booking-system/src/config/config.module.ts
FNF:0
FNH:0
DA:1,2
DA:2,2
DA:13,2
LF:3
LH:3
BRF:0
BRH:0
end_of_record
TN:
SF:/Users/jason.carty/code/node/booking-system/src/config/config.service.ts
FN:27,(anonymous_0)
FN:37,(anonymous_1)
FN:42,(anonymous_2)
FN:55,(anonymous_3)
FN:77,(anonymous_4)
FNF:5
FNH:5
FNDA:13,(anonymous_0)
FNDA:22,(anonymous_1)
FNDA:13,(anonymous_2)
FNDA:13,(anonymous_3)
FNDA:13,(anonymous_4)
DA:1,13
DA:2,13
DA:3,13
DA:4,13
DA:10,13
DA:24,13
DA:28,13
DA:29,13
DA:30,1
DA:32,13
DA:33,13
DA:34,11
DA:35,11
DA:37,22
DA:39,13
DA:43,13
DA:45,2
DA:47,1
DA:49,9
DA:51,1
DA:56,13
DA:78,13
DA:82,13
DA:83,1
DA:85,12
LF:25
LH:25
BRDA:29,0,0,1
BRDA:29,0,1,12
BRDA:33,1,0,11
BRDA:33,1,1,2
BRDA:44,2,0,2
BRDA:44,2,1,1
BRDA:44,2,2,9
BRDA:44,2,3,1
BRDA:82,3,0,1
BRDA:82,3,1,12
BRF:10
BRH:10
end_of_record
TN:
SF:/Users/jason.carty/code/node/booking-system/src/interceptors/auth.interceptor.ts
FN:20,(anonymous_8)
FN:22,(anonymous_9)
FN:24,(anonymous_10)
FN:27,(anonymous_11)
FN:52,(anonymous_13)
FNF:5
FNH:5
FNDA:15,(anonymous_8)
FNDA:15,(anonymous_9)
FNDA:33,(anonymous_10)
FNDA:4,(anonymous_11)
FNDA:1,(anonymous_13)
DA:1,3
DA:10,3
DA:12,3
DA:13,3
DA:14,3
DA:16,3
DA:19,3
DA:20,15
DA:23,15
DA:24,33
DA:31,4
DA:32,4
DA:35,4
DA:37,3
DA:38,2
DA:40,3
DA:41,1
DA:44,2
DA:47,2
DA:48,2
DA:51,3
DA:53,1
LF:22
LH:22
BRDA:35,0,0,3
BRDA:35,0,1,1
BRDA:37,1,0,2
BRDA:37,1,1,1
BRDA:40,2,0,1
BRDA:40,2,1,2
BRDA:45,3,0,1
BRDA:45,3,1,1
BRF:8
BRH:8
end_of_record
TN:
SF:/Users/jason.carty/code/node/booking-system/src/interceptors/index.ts
FNF:0
FNH:0
DA:1,2
DA:2,2
DA:3,2
LF:3
LH:3
BRF:0
BRH:0
end_of_record
TN:
SF:/Users/jason.carty/code/node/booking-system/src/interceptors/logging.interceptor.ts
FN:14,(anonymous_1)
FN:27,(anonymous_2)
FNF:2
FNH:2
FNDA:1,(anonymous_1)
FNDA:1,(anonymous_2)
DA:1,3
DA:10,3
DA:13,3
DA:15,1
DA:16,1
DA:17,1
DA:18,1
DA:26,1
DA:28,1
DA:29,1
LF:10
LH:10
BRF:0
BRH:0
end_of_record
TN:
SF:/Users/jason.carty/code/node/booking-system/src/interceptors/timeout.interceptor.ts
FN:12,(anonymous_1)
FNF:1
FNH:1
FNDA:1,(anonymous_1)
DA:1,3
DA:8,3
DA:11,3
DA:13,1
LF:4
LH:4
BRF:0
BRH:0
end_of_record
TN:
SF:/Users/jason.carty/code/node/booking-system/src/mocks/index.ts
FN:40,(anonymous_0)
FNF:1
FNH:1
FNDA:3,(anonymous_0)
DA:3,8
DA:9,8
DA:13,8
DA:29,8
DA:34,8
DA:39,8
DA:40,3
DA:43,8
DA:49,8
DA:53,8
DA:55,8
DA:59,8
LF:12
LH:12
BRF:0
BRH:0
end_of_record
TN:
SF:/Users/jason.carty/code/node/booking-system/src/proto/errorCode.enum.ts
FN:1,(anonymous_0)
FNF:1
FNH:1
FNDA:14,(anonymous_0)
DA:1,14
DA:2,14
DA:3,14
DA:4,14
DA:5,14
DA:6,14
DA:7,14
DA:8,14
DA:9,14
DA:10,14
DA:11,14
LF:11
LH:11
BRDA:1,0,0,14
BRDA:1,0,1,14
BRF:2
BRH:2
end_of_record
TN:
SF:/Users/jason.carty/code/node/booking-system/src/proto/exceptionDictionary.dto.ts
FN:5,(anonymous_0)
FNF:1
FNH:1
FNDA:140,(anonymous_0)
DA:1,14
DA:2,14
DA:3,14
DA:5,14
DA:10,140
DA:13,14
LF:6
LH:6
BRF:0
BRH:0
end_of_record
TN:
SF:/Users/jason.carty/code/node/booking-system/src/proto/index.ts
FNF:0
FNH:0
DA:1,14
DA:2,14
DA:6,14
LF:3
LH:3
BRF:0
BRH:0
end_of_record
TN:
SF:/Users/jason.carty/code/node/booking-system/src/proto/userRole.enum.ts
FN:1,(anonymous_0)
FNF:1
FNH:1
FNDA:14,(anonymous_0)
DA:1,14
DA:2,14
DA:3,14
LF:3
LH:3
BRDA:1,0,0,14
BRDA:1,0,1,14
BRF:2
BRH:2
end_of_record
TN:
SF:/Users/jason.carty/code/node/booking-system/src/utils/IsStrongPassword.ts
FN:12,(anonymous_1)
FN:23,(anonymous_2)
FNF:2
FNH:2
FNDA:4,(anonymous_1)
FNDA:1,(anonymous_2)
DA:1,4
DA:3,4
DA:11,4
DA:13,4
DA:14,4
DA:15,12
DA:16,3
DA:17,3
DA:20,4
DA:24,1
LF:10
LH:10
BRDA:15,0,0,3
BRDA:15,0,1,9
BRF:2
BRH:2
end_of_record
TN:
SF:/Users/jason.carty/code/node/booking-system/src/utils/createAuthToken.ts
FN:5,(anonymous_6)
FN:5,(anonymous_7)
FNF:2
FNH:2
FNDA:2,(anonymous_6)
FNDA:2,(anonymous_7)
DA:1,6
DA:3,6
DA:5,6
DA:6,2
DA:7,2
DA:8,2
LF:6
LH:6
BRF:0
BRH:0
end_of_record
TN:
SF:/Users/jason.carty/code/node/booking-system/src/utils/customException.ts
FN:5,(anonymous_0)
FNF:1
FNH:1
FNDA:142,(anonymous_0)
DA:4,14
DA:6,142
DA:7,142
DA:8,142
DA:10,142
LF:5
LH:5
BRF:0
BRH:0
end_of_record
TN:
SF:/Users/jason.carty/code/node/booking-system/src/utils/extractToken.ts
FN:1,(anonymous_0)
FNF:1
FNH:1
FNDA:4,(anonymous_0)
DA:1,7
DA:2,4
DA:3,3
DA:5,1
LF:4
LH:4
BRDA:2,0,0,3
BRDA:2,0,1,1
BRF:2
BRH:2
end_of_record
TN:
SF:/Users/jason.carty/code/node/booking-system/src/utils/httpExceptionFilter.ts
FN:8,(anonymous_1)
FNF:1
FNH:1
FNDA:2,(anonymous_1)
DA:1,7
DA:3,7
DA:4,7
DA:7,7
DA:9,2
DA:10,2
DA:11,2
DA:12,2
DA:14,2
DA:16,2
DA:17,2
DA:22,2
DA:24,2
LF:13
LH:13
BRDA:14,0,0,1
BRDA:14,0,1,1
BRF:2
BRH:2
end_of_record
TN:
SF:/Users/jason.carty/code/node/booking-system/src/utils/index.ts
FNF:0
FNH:0
DA:1,6
DA:2,6
DA:3,6
DA:4,6
DA:5,6
DA:6,6
LF:6
LH:6
BRF:0
BRH:0
end_of_record
TN:
SF:/Users/jason.carty/code/node/booking-system/src/utils/validationPipe.ts
FN:7,(anonymous_7)
FN:9,(anonymous_8)
FN:30,(anonymous_10)
FN:37,(anonymous_11)
FNF:4
FNH:4
FNDA:7,(anonymous_7)
FNDA:7,(anonymous_8)
FNDA:4,(anonymous_10)
FNDA:6,(anonymous_11)
DA:1,7
DA:2,7
DA:3,7
DA:4,7
DA:5,7
DA:8,7
DA:10,7
DA:11,2
DA:14,5
DA:15,5
DA:16,5
DA:17,4
DA:18,2
DA:20,2
DA:22,1
DA:25,7
DA:31,4
DA:33,2
DA:34,2
DA:38,6
DA:39,6
LF:21
LH:21
BRDA:10,0,0,2
BRDA:10,0,1,5
BRDA:10,1,0,7
BRDA:10,1,1,6
BRDA:16,2,0,4
BRDA:16,2,1,1
BRDA:17,3,0,2
BRDA:17,3,1,2
BRDA:33,4,0,2
BRDA:33,4,1,1
BRF:10
BRH:10
end_of_record
TN:
SF:/Users/jason.carty/code/node/booking-system/src/utils/verifyToken.ts
FN:5,(anonymous_0)
FNF:1
FNH:1
FNDA:1,(anonymous_0)
DA:2,7
DA:3,7
DA:5,7
DA:6,1
DA:7,1
LF:5
LH:5
BRF:0
BRH:0
end_of_record
